INFO - 开始生成JavaBean -[2018-9-27 17:47:11]
INFO - 开始生成表：WE_ALARM对应JavaBean -[2018-9-27 17:47:13]
WARN - 列名PUBDATE 类型DATE  不为空 没有找到对应关系 -[2018-9-27 17:47:13]
INFO - 开始生成表：WE_AREA对应JavaBean -[2018-9-27 17:47:13]
WARN - 列名NAME 类型NVARCHAR2 参数40 不为空 没有找到对应关系 -[2018-9-27 17:47:13]
INFO - 开始生成表：WE_DOC对应JavaBean -[2018-9-27 17:47:13]
INFO - 开始生成表：WE_FORECAST对应JavaBean -[2018-9-27 17:47:13]
WARN - 列名PUBDATE 类型DATE  不为空 没有找到对应关系 -[2018-9-27 17:47:13]
WARN - 列名EFFDATE 类型DATE  不为空 没有找到对应关系 -[2018-9-27 17:47:13]
WARN - 列名DAY_WEATHER 类型NVARCHAR2 参数40 不为空 没有找到对应关系 -[2018-9-27 17:47:13]
WARN - 列名NIGHT_WEATHER 类型NVARCHAR2 参数40 不为空 没有找到对应关系 -[2018-9-27 17:47:13]
INFO - 开始生成表：WE_FORECAST_HISTORY对应JavaBean -[2018-9-27 17:47:13]
WARN - 列名PUBDATE 类型DATE  不为空 没有找到对应关系 -[2018-9-27 17:47:13]
WARN - 列名EFFDATE 类型DATE  不为空 没有找到对应关系 -[2018-9-27 17:47:13]
WARN - 列名DAY_WEATHER 类型NVARCHAR2 参数40 不为空 没有找到对应关系 -[2018-9-27 17:47:13]
WARN - 列名NIGHT_WEATHER 类型NVARCHAR2 参数40 不为空 没有找到对应关系 -[2018-9-27 17:47:13]
INFO - 开始生成表：WE_NUMERICAL对应JavaBean -[2018-9-27 17:47:13]
WARN - 列名PUBDATE 类型DATE  不为空 没有找到对应关系 -[2018-9-27 17:47:13]
WARN - 列名EFFDATE 类型DATE  不为空 没有找到对应关系 -[2018-9-27 17:47:13]
INFO - 开始生成表：WE_NUMERICAL_HISTORY对应JavaBean -[2018-9-27 17:47:13]
WARN - 列名PUBDATE 类型DATE  不为空 没有找到对应关系 -[2018-9-27 17:47:13]
WARN - 列名EFFDATE 类型DATE  不为空 没有找到对应关系 -[2018-9-27 17:47:13]
INFO - 开始生成表：WE_OBSERVATION对应JavaBean -[2018-9-27 17:47:13]
WARN - 列名DATE 类型DATE  不为空 没有找到对应关系 -[2018-9-27 17:47:13]
INFO - 开始生成表：WE_OBSERVATION_HISTORY对应JavaBean -[2018-9-27 17:47:13]
WARN - 列名DATE 类型DATE  不为空 没有找到对应关系 -[2018-9-27 17:47:13]
INFO - 开始生成表：WE_TYPHOON对应JavaBean -[2018-9-27 17:47:13]
INFO - 结束生成JavaBean -[2018-9-27 17:47:15]
INFO - 开始生成JavaBean -[2018-9-27 18:05:59]
INFO - 开始生成表：WE_ALARM对应JavaBean -[2018-9-27 18:06:00]
INFO - 开始生成表：WE_AREA对应JavaBean -[2018-9-27 18:06:00]
INFO - 开始生成表：WE_DOC对应JavaBean -[2018-9-27 18:06:00]
INFO - 开始生成表：WE_FORECAST对应JavaBean -[2018-9-27 18:06:00]
INFO - 开始生成表：WE_FORECAST_HISTORY对应JavaBean -[2018-9-27 18:06:00]
INFO - 开始生成表：WE_NUMERICAL对应JavaBean -[2018-9-27 18:06:00]
INFO - 开始生成表：WE_NUMERICAL_HISTORY对应JavaBean -[2018-9-27 18:06:00]
INFO - 开始生成表：WE_OBSERVATION对应JavaBean -[2018-9-27 18:06:00]
INFO - 开始生成表：WE_OBSERVATION_HISTORY对应JavaBean -[2018-9-27 18:06:00]
INFO - 开始生成表：WE_TYPHOON对应JavaBean -[2018-9-27 18:06:00]
INFO - 结束生成JavaBean -[2018-9-27 18:06:02]
INFO - 开始生成JavaBean -[2018-9-27 18:09:42]
INFO - 开始生成表：WE_ALARM对应JavaBean -[2018-9-27 18:09:44]
INFO - 结束生成JavaBean -[2018-9-27 18:09:45]
INFO - 开始生成JavaBean -[2018-9-27 18:10:10]
INFO - 开始生成表：WE_ALARM对应JavaBean -[2018-9-27 18:10:12]
INFO - 结束生成JavaBean -[2018-9-27 18:12:34]
INFO - 开始生成JavaBean -[2018-9-27 18:14:38]
INFO - 开始生成表：WE_ALARM对应JavaBean -[2018-9-27 18:14:39]
INFO - 开始生成表：WE_AREA对应JavaBean -[2018-9-27 18:14:40]
INFO - 开始生成表：WE_DOC对应JavaBean -[2018-9-27 18:14:40]
INFO - 开始生成表：WE_FORECAST对应JavaBean -[2018-9-27 18:14:40]
INFO - 开始生成表：WE_FORECAST_HISTORY对应JavaBean -[2018-9-27 18:14:40]
INFO - 开始生成表：WE_NUMERICAL对应JavaBean -[2018-9-27 18:14:40]
INFO - 开始生成表：WE_NUMERICAL_HISTORY对应JavaBean -[2018-9-27 18:14:40]
INFO - 开始生成表：WE_OBSERVATION对应JavaBean -[2018-9-27 18:14:40]
INFO - 开始生成表：WE_OBSERVATION_HISTORY对应JavaBean -[2018-9-27 18:14:40]
INFO - 开始生成表：WE_TYPHOON对应JavaBean -[2018-9-27 18:14:40]
INFO - 结束生成JavaBean -[2018-9-27 18:14:41]
INFO - 开始生成JavaBean -[2018-9-27 18:22:42]
INFO - 开始生成表：WE_ALARM对应JavaBean -[2018-9-27 18:22:44]
INFO - 开始生成表：WE_AREA对应JavaBean -[2018-9-27 18:22:44]
INFO - 开始生成表：WE_DOC对应JavaBean -[2018-9-27 18:22:44]
INFO - 开始生成表：WE_FORECAST对应JavaBean -[2018-9-27 18:22:44]
INFO - 开始生成表：WE_FORECAST_HISTORY对应JavaBean -[2018-9-27 18:22:44]
INFO - 开始生成表：WE_NUMERICAL对应JavaBean -[2018-9-27 18:22:44]
INFO - 开始生成表：WE_NUMERICAL_HISTORY对应JavaBean -[2018-9-27 18:22:44]
INFO - 开始生成表：WE_OBSERVATION对应JavaBean -[2018-9-27 18:22:44]
INFO - 开始生成表：WE_OBSERVATION_HISTORY对应JavaBean -[2018-9-27 18:22:44]
INFO - 开始生成表：WE_TYPHOON对应JavaBean -[2018-9-27 18:22:44]
INFO - 结束生成JavaBean -[2018-9-27 18:24:21]
INFO - 开始生成JavaBean -[2018-9-27 18:24:22]
INFO - 开始生成表：WE_ALARM对应JavaBean -[2018-9-27 18:24:23]
INFO - 开始生成表：WE_AREA对应JavaBean -[2018-9-27 18:24:23]
INFO - 开始生成表：WE_DOC对应JavaBean -[2018-9-27 18:24:23]
INFO - 开始生成表：WE_FORECAST对应JavaBean -[2018-9-27 18:24:23]
INFO - 开始生成表：WE_FORECAST_HISTORY对应JavaBean -[2018-9-27 18:24:23]
INFO - 开始生成表：WE_NUMERICAL对应JavaBean -[2018-9-27 18:24:23]
INFO - 开始生成表：WE_NUMERICAL_HISTORY对应JavaBean -[2018-9-27 18:24:23]
INFO - 开始生成表：WE_OBSERVATION对应JavaBean -[2018-9-27 18:24:23]
INFO - 开始生成表：WE_OBSERVATION_HISTORY对应JavaBean -[2018-9-27 18:24:23]
INFO - 开始生成表：WE_TYPHOON对应JavaBean -[2018-9-27 18:24:23]
INFO - 结束生成JavaBean -[2018-9-27 18:24:25]
INFO - 开始生成JavaBean -[2018-9-27 18:32:05]
INFO - 开始生成表：WE_AREA对应JavaBean -[2018-9-27 18:32:06]
INFO - 结束生成JavaBean -[2018-9-27 18:34:10]
INFO - 开始生成JavaBean -[2018-9-27 19:24:59]
INFO - 开始生成表：WE_ALARM对应JavaBean -[2018-9-27 19:25:01]
INFO - 开始生成表：WE_AREA对应JavaBean -[2018-9-27 19:25:01]
INFO - 开始生成表：WE_DOC对应JavaBean -[2018-9-27 19:25:01]
INFO - 开始生成表：WE_FORECAST对应JavaBean -[2018-9-27 19:25:01]
INFO - 开始生成表：WE_FORECAST_HISTORY对应JavaBean -[2018-9-27 19:25:01]
INFO - 开始生成表：WE_NUMERICAL对应JavaBean -[2018-9-27 19:25:01]
INFO - 开始生成表：WE_NUMERICAL_HISTORY对应JavaBean -[2018-9-27 19:25:01]
INFO - 开始生成表：WE_OBSERVATION对应JavaBean -[2018-9-27 19:25:01]
INFO - 开始生成表：WE_OBSERVATION_HISTORY对应JavaBean -[2018-9-27 19:25:01]
INFO - 开始生成表：WE_TYPHOON对应JavaBean -[2018-9-27 19:25:01]
INFO - 结束生成JavaBean -[2018-9-27 19:25:03]
INFO - 开始生成JavaBean -[2018-9-27 19:27:14]
INFO - 开始生成表：WE_AREA对应JavaBean -[2018-9-27 19:27:16]
INFO - 结束生成JavaBean -[2018-9-27 19:27:17]
INFO - 开始生成JavaBean -[2018-9-27 19:27:48]
INFO - 开始生成表：WE_AREA对应JavaBean -[2018-9-27 19:27:50]
INFO - 结束生成JavaBean -[2018-9-27 19:31:40]
INFO - 开始生成JavaBean -[2018-9-27 19:31:41]
INFO - 开始生成表：WE_AREA对应JavaBean -[2018-9-27 19:31:43]
INFO - 开始生成JavaBean -[2018-9-27 19:33:09]
INFO - 开始生成表：WE_AREA对应JavaBean -[2018-9-27 19:33:11]
INFO - 结束生成JavaBean -[2018-9-27 19:33:12]
INFO - 开始生成JavaBean -[2018-9-27 19:34:02]
INFO - 开始生成表：WE_AREA对应JavaBean -[2018-9-27 19:34:03]
INFO - 结束生成JavaBean -[2018-9-27 19:34:05]
INFO - 开始生成JavaBean -[2018-9-27 19:34:25]
INFO - 开始生成表：WE_AREA对应JavaBean -[2018-9-27 19:34:27]
INFO - 结束生成JavaBean -[2018-9-27 19:37:01]
INFO - 开始生成JavaBean -[2018-9-27 19:37:02]
INFO - 开始生成表：WE_AREA对应JavaBean -[2018-9-27 19:37:03]
INFO - 结束生成JavaBean -[2018-9-27 19:37:29]
INFO - 开始生成JavaBean -[2018-9-27 19:39:17]
INFO - 开始生成表：WE_ALARM对应JavaBean -[2018-9-27 19:39:19]
INFO - 开始生成表：WE_AREA对应JavaBean -[2018-9-27 19:39:27]
INFO - 开始生成表：WE_DOC对应JavaBean -[2018-9-27 19:39:27]
INFO - 开始生成表：WE_FORECAST对应JavaBean -[2018-9-27 19:39:27]
INFO - 开始生成表：WE_FORECAST_HISTORY对应JavaBean -[2018-9-27 19:39:27]
INFO - 开始生成表：WE_NUMERICAL对应JavaBean -[2018-9-27 19:39:27]
INFO - 开始生成表：WE_NUMERICAL_HISTORY对应JavaBean -[2018-9-27 19:39:27]
INFO - 开始生成表：WE_OBSERVATION对应JavaBean -[2018-9-27 19:39:27]
INFO - 开始生成表：WE_OBSERVATION_HISTORY对应JavaBean -[2018-9-27 19:39:27]
INFO - 开始生成表：WE_TYPHOON对应JavaBean -[2018-9-27 19:39:27]
INFO - 结束生成JavaBean -[2018-9-27 19:39:33]
INFO - 开始生成JavaBean -[2018-9-27 19:44:19]
INFO - 开始生成表：WE_ALARM对应JavaBean -[2018-9-27 19:44:21]
INFO - 开始生成表：WE_AREA对应JavaBean -[2018-9-27 19:44:21]
INFO - 开始生成表：WE_DOC对应JavaBean -[2018-9-27 19:44:21]
INFO - 开始生成表：WE_FORECAST对应JavaBean -[2018-9-27 19:44:21]
INFO - 开始生成表：WE_FORECAST_HISTORY对应JavaBean -[2018-9-27 19:44:21]
INFO - 开始生成表：WE_NUMERICAL对应JavaBean -[2018-9-27 19:44:21]
INFO - 开始生成表：WE_NUMERICAL_HISTORY对应JavaBean -[2018-9-27 19:44:21]
INFO - 开始生成表：WE_OBSERVATION对应JavaBean -[2018-9-27 19:44:21]
INFO - 开始生成表：WE_OBSERVATION_HISTORY对应JavaBean -[2018-9-27 19:44:21]
INFO - 开始生成表：WE_TYPHOON对应JavaBean -[2018-9-27 19:44:21]
INFO - 结束生成JavaBean -[2018-9-27 19:44:22]
INFO - 开始生成JavaBean -[2018-9-27 19:49:27]
INFO - 开始生成表：WE_ALARM对应JavaBean -[2018-9-27 19:49:29]
INFO - 开始生成表：WE_AREA对应JavaBean -[2018-9-27 19:49:29]
INFO - 开始生成表：WE_DOC对应JavaBean -[2018-9-27 19:49:29]
INFO - 开始生成表：WE_FORECAST对应JavaBean -[2018-9-27 19:49:29]
INFO - 开始生成表：WE_FORECAST_HISTORY对应JavaBean -[2018-9-27 19:49:29]
INFO - 开始生成表：WE_NUMERICAL对应JavaBean -[2018-9-27 19:49:29]
INFO - 开始生成表：WE_NUMERICAL_HISTORY对应JavaBean -[2018-9-27 19:49:29]
INFO - 开始生成表：WE_OBSERVATION对应JavaBean -[2018-9-27 19:49:29]
INFO - 开始生成表：WE_OBSERVATION_HISTORY对应JavaBean -[2018-9-27 19:49:29]
INFO - 开始生成表：WE_TYPHOON对应JavaBean -[2018-9-27 19:49:29]
INFO - 结束生成JavaBean -[2018-9-27 19:49:30]
INFO - 开始生成JavaBean -[2018-9-27 19:52:27]
INFO - 开始生成表：WE_NUMERICAL对应JavaBean -[2018-9-27 19:52:29]
INFO - 结束生成JavaBean -[2018-9-27 19:54:18]
INFO - 开始生成JavaBean -[2018-9-27 19:54:21]
INFO - 开始生成表：WE_NUMERICAL对应JavaBean -[2018-9-27 19:56:52]
INFO - 结束生成JavaBean -[2018-9-27 20:04:00]
INFO - 开始生成JavaBean -[2018-9-27 20:05:20]
INFO - 开始生成表：WE_NUMERICAL对应JavaBean -[2018-9-27 20:05:22]
INFO - 结束生成JavaBean -[2018-9-27 20:05:36]
INFO - 开始生成JavaBean -[2018-9-27 20:05:57]
INFO - 开始生成表：WE_NUMERICAL对应JavaBean -[2018-9-27 20:05:59]
INFO - 结束生成JavaBean -[2018-9-27 20:07:39]
INFO - 开始生成JavaBean -[2018-9-27 20:07:59]
INFO - 开始生成表：WE_NUMERICAL对应JavaBean -[2018-9-27 20:08:00]
INFO - 结束生成JavaBean -[2018-9-27 20:08:01]
INFO - 开始生成JavaBean -[2018-9-27 20:09:08]
INFO - 开始生成表：WE_NUMERICAL对应JavaBean -[2018-9-27 20:09:10]
INFO - 开始生成表：WE_NUMERICAL_HISTORY对应JavaBean -[2018-9-27 20:09:10]
INFO - 结束生成JavaBean -[2018-9-27 20:09:11]
INFO - 开始生成JavaBean -[2018-9-27 20:11:54]
INFO - 开始生成表：WE_NUMERICAL对应JavaBean -[2018-9-27 20:11:55]
INFO - 开始生成表：WE_NUMERICAL_HISTORY对应JavaBean -[2018-9-27 20:11:55]
INFO - 开始生成表：WE_OBSERVATION对应JavaBean -[2018-9-27 20:11:55]
INFO - 开始生成表：WE_OBSERVATION_HISTORY对应JavaBean -[2018-9-27 20:11:55]
INFO - 结束生成JavaBean -[2018-9-27 20:11:56]
INFO - 开始生成JavaBean -[2018-9-27 20:22:28]
INFO - 开始生成表：WE_ALARM对应JavaBean -[2018-9-27 20:22:30]
INFO - 开始生成表：WE_AREA对应JavaBean -[2018-9-27 20:22:30]
INFO - 开始生成表：WE_DOC对应JavaBean -[2018-9-27 20:22:30]
INFO - 开始生成表：WE_FORECAST对应JavaBean -[2018-9-27 20:22:30]
INFO - 开始生成表：WE_FORECAST_HISTORY对应JavaBean -[2018-9-27 20:22:30]
INFO - 开始生成表：WE_NUMERICAL对应JavaBean -[2018-9-27 20:22:30]
INFO - 开始生成表：WE_NUMERICAL_HISTORY对应JavaBean -[2018-9-27 20:22:30]
INFO - 开始生成表：WE_OBSERVATION对应JavaBean -[2018-9-27 20:22:30]
INFO - 开始生成表：WE_OBSERVATION_HISTORY对应JavaBean -[2018-9-27 20:22:30]
INFO - 开始生成表：WE_TYPHOON对应JavaBean -[2018-9-27 20:22:30]
INFO - 结束生成JavaBean -[2018-9-27 20:22:32]
INFO - 开始生成JavaBean -[2018-9-27 20:27:28]
INFO - 开始生成表：WE_ALARM对应JavaBean -[2018-9-27 20:27:31]
INFO - 开始生成表：WE_AREA对应JavaBean -[2018-9-27 20:27:31]
INFO - 开始生成表：WE_DOC对应JavaBean -[2018-9-27 20:27:31]
INFO - 开始生成表：WE_FORECAST对应JavaBean -[2018-9-27 20:27:31]
INFO - 开始生成表：WE_FORECAST_HISTORY对应JavaBean -[2018-9-27 20:27:31]
INFO - 开始生成表：WE_NUMERICAL对应JavaBean -[2018-9-27 20:27:31]
INFO - 开始生成表：WE_NUMERICAL_HISTORY对应JavaBean -[2018-9-27 20:27:31]
INFO - 开始生成表：WE_OBSERVATION对应JavaBean -[2018-9-27 20:27:31]
INFO - 开始生成表：WE_OBSERVATION_HISTORY对应JavaBean -[2018-9-27 20:27:31]
INFO - 开始生成表：WE_TYPHOON对应JavaBean -[2018-9-27 20:27:31]
INFO - 结束生成JavaBean -[2018-9-27 20:27:32]
INFO - 开始生成JavaBean -[2018-9-27 20:27:58]
INFO - 开始生成表：WE_ALARM对应JavaBean -[2018-9-27 20:27:59]
INFO - 开始生成表：WE_AREA对应JavaBean -[2018-9-27 20:27:59]
INFO - 开始生成表：WE_DOC对应JavaBean -[2018-9-27 20:27:59]
INFO - 开始生成表：WE_FORECAST对应JavaBean -[2018-9-27 20:27:59]
INFO - 开始生成表：WE_FORECAST_HISTORY对应JavaBean -[2018-9-27 20:27:59]
INFO - 开始生成表：WE_NUMERICAL对应JavaBean -[2018-9-27 20:27:59]
INFO - 开始生成表：WE_NUMERICAL_HISTORY对应JavaBean -[2018-9-27 20:27:59]
INFO - 开始生成表：WE_OBSERVATION对应JavaBean -[2018-9-27 20:27:59]
INFO - 开始生成表：WE_OBSERVATION_HISTORY对应JavaBean -[2018-9-27 20:28:00]
INFO - 开始生成表：WE_TYPHOON对应JavaBean -[2018-9-27 20:28:00]
INFO - 结束生成JavaBean -[2018-9-27 20:28:00]
INFO - 开始生成JavaBean -[2018-9-27 20:30:11]
INFO - 开始生成表：WE_ALARM对应JavaBean -[2018-9-27 20:30:12]
INFO - 开始生成表：WE_AREA对应JavaBean -[2018-9-27 20:30:12]
INFO - 开始生成表：WE_DOC对应JavaBean -[2018-9-27 20:30:12]
INFO - 开始生成表：WE_FORECAST对应JavaBean -[2018-9-27 20:30:12]
INFO - 开始生成表：WE_FORECAST_HISTORY对应JavaBean -[2018-9-27 20:30:12]
INFO - 开始生成表：WE_NUMERICAL对应JavaBean -[2018-9-27 20:30:12]
INFO - 开始生成表：WE_NUMERICAL_HISTORY对应JavaBean -[2018-9-27 20:30:12]
INFO - 开始生成表：WE_OBSERVATION对应JavaBean -[2018-9-27 20:30:12]
INFO - 开始生成表：WE_OBSERVATION_HISTORY对应JavaBean -[2018-9-27 20:30:12]
INFO - 开始生成表：WE_TYPHOON对应JavaBean -[2018-9-27 20:30:12]
INFO - 结束生成JavaBean -[2018-9-27 20:30:13]
INFO - 开始生成JavaBean -[2018-9-27 20:48:19]
INFO - 开始生成表：WE_ALARM对应JavaBean -[2018-9-27 20:48:21]
INFO - 开始生成表：WE_AREA对应JavaBean -[2018-9-27 20:48:21]
INFO - 开始生成表：WE_DOC对应JavaBean -[2018-9-27 20:48:21]
INFO - 开始生成表：WE_FORECAST对应JavaBean -[2018-9-27 20:48:21]
INFO - 开始生成表：WE_FORECAST_HISTORY对应JavaBean -[2018-9-27 20:48:21]
INFO - 开始生成表：WE_NUMERICAL对应JavaBean -[2018-9-27 20:48:21]
INFO - 开始生成表：WE_NUMERICAL_HISTORY对应JavaBean -[2018-9-27 20:48:21]
INFO - 开始生成表：WE_OBSERVATION对应JavaBean -[2018-9-27 20:48:21]
INFO - 开始生成表：WE_OBSERVATION_HISTORY对应JavaBean -[2018-9-27 20:48:21]
INFO - 开始生成表：WE_TYPHOON对应JavaBean -[2018-9-27 20:48:21]
INFO - 结束生成JavaBean -[2018-9-27 20:48:23]
INFO - 开始生成JavaBean -[2018-9-27 20:54:22]
INFO - 开始生成表：WE_ALARM对应JavaBean -[2018-9-27 20:54:24]
INFO - 开始生成表：WE_AREA对应JavaBean -[2018-9-27 20:54:24]
INFO - 开始生成表：WE_DOC对应JavaBean -[2018-9-27 20:54:24]
INFO - 开始生成表：WE_FORECAST对应JavaBean -[2018-9-27 20:54:24]
INFO - 开始生成表：WE_FORECAST_HISTORY对应JavaBean -[2018-9-27 20:54:24]
INFO - 开始生成表：WE_NUMERICAL对应JavaBean -[2018-9-27 20:54:24]
INFO - 开始生成表：WE_NUMERICAL_HISTORY对应JavaBean -[2018-9-27 20:54:24]
INFO - 开始生成表：WE_OBSERVATION对应JavaBean -[2018-9-27 20:54:24]
INFO - 开始生成表：WE_OBSERVATION_HISTORY对应JavaBean -[2018-9-27 20:54:24]
INFO - 开始生成表：WE_TYPHOON对应JavaBean -[2018-9-27 20:54:24]
INFO - 结束生成JavaBean -[2018-9-27 20:54:25]
INFO - 开始生成JavaBean -[2018-9-28 21:51:15]
INFO - 开始生成JavaBean -[2018-9-29 00:10:14]
INFO - 开始生成表：HR_ORG_BASIC_INFO对应JavaBean -[2018-9-29 00:10:14]
INFO - 开始生成JavaBean -[2018-9-29 00:12:24]
INFO - 开始生成表：HR_ORG_BASIC_INFO对应JavaBean -[2018-9-29 00:12:24]
INFO - 开始生成JavaBean -[2018-9-29 00:12:30]
INFO - 开始生成表：HR_ORG_BASIC_INFO对应JavaBean -[2018-9-29 00:12:30]
INFO - 开始生成JavaBean -[2018-9-29 00:13:35]
INFO - 开始生成表：HR_ORG_BASIC_INFO对应JavaBean -[2018-9-29 00:13:35]
INFO - 开始生成表：HR_ORG_BASIC_INFO_TEMP对应JavaBean -[2018-9-29 00:13:35]
INFO - 开始生成表：HR_POST_BASIC_INFO对应JavaBean -[2018-9-29 00:13:35]
INFO - 开始生成表：HR_USER_BASIC_INFO对应JavaBean -[2018-9-29 00:13:35]
INFO - 开始生成表：ISC_ACCOUNT对应JavaBean -[2018-9-29 00:13:35]
INFO - 开始生成表：ISC_ACCOUNT_EXT_PROP对应JavaBean -[2018-9-29 00:13:35]
INFO - 开始生成表：ISC_ACTOR_ROLE_R对应JavaBean -[2018-9-29 00:13:35]
WARN - 列名START_TIME 类型TIMESTAMP(6) 参数11,6 不为空 没有找到对应关系 -[2018-9-29 00:13:35]
WARN - 列名END_TIME 类型TIMESTAMP(6) 参数11,6 不为空 没有找到对应关系 -[2018-9-29 00:13:35]
INFO - 开始生成表：ISC_APPLICATION对应JavaBean -[2018-9-29 00:13:35]
WARN - 列名PUBLISH_DATA 类型TIMESTAMP(6) 参数11,6 不为空 没有找到对应关系 -[2018-9-29 00:13:35]
INFO - 开始生成表：ISC_APPSHOW_CONF对应JavaBean -[2018-9-29 00:13:35]
INFO - 开始生成表：ISC_APP_CODE_CONF对应JavaBean -[2018-9-29 00:13:36]
INFO - 开始生成表：ISC_APP_CODE_FIELD_EXT对应JavaBean -[2018-9-29 00:13:36]
INFO - 开始生成表：ISC_APP_DATARESOUCE_R对应JavaBean -[2018-9-29 00:13:36]
INFO - 开始生成表：ISC_AUTHORIZE_COMMIT对应JavaBean -[2018-9-29 00:13:36]
WARN - 列名BEGIN_DATE 类型TIMESTAMP(6) 参数11,6 没有找到对应关系 -[2018-9-29 00:13:36]
WARN - 列名END_DATE 类型TIMESTAMP(6) 参数11,6 不为空 没有找到对应关系 -[2018-9-29 00:13:36]
WARN - 列名ISCACHED 类型CHAR 参数1 不为空 没有找到对应关系 -[2018-9-29 00:13:36]
INFO - 开始生成表：ISC_BASEORG对应JavaBean -[2018-9-29 00:13:36]
WARN - 列名FOUND_DATE 类型TIMESTAMP(6) 参数11,6 不为空 没有找到对应关系 -[2018-9-29 00:13:36]
WARN - 列名RETRACT_DATE 类型TIMESTAMP(6) 参数11,6 不为空 没有找到对应关系 -[2018-9-29 00:13:36]
WARN - 列名STATE 类型CHAR 参数1 不为空 没有找到对应关系 -[2018-9-29 00:13:36]
INFO - 开始生成表：ISC_BASEORG_EXT_PROP对应JavaBean -[2018-9-29 00:13:36]
INFO - 开始生成表：ISC_BASEORG_SPORG_UNIT_R对应JavaBean -[2018-9-29 00:13:36]
WARN - 列名RELATION 类型CHAR 参数1 不为空 没有找到对应关系 -[2018-9-29 00:13:36]
INFO - 开始生成表：ISC_COMMON_CONST对应JavaBean -[2018-9-29 00:13:36]
WARN - 列名CREATE_DATE 类型TIMESTAMP(6) 参数11,6 不为空 没有找到对应关系 -[2018-9-29 00:13:36]
WARN - 列名UPDATE_DATE 类型TIMESTAMP(6) 参数11,6 不为空 没有找到对应关系 -[2018-9-29 00:13:36]
INFO - 开始生成表：ISC_DEPLOY对应JavaBean -[2018-9-29 00:13:36]
INFO - 开始生成表：ISC_DIM对应JavaBean -[2018-9-29 00:13:36]
WARN - 列名STATE 类型CHAR 参数1 不为空 没有找到对应关系 -[2018-9-29 00:13:36]
INFO - 开始生成表：ISC_DUTY对应JavaBean -[2018-9-29 00:13:36]
WARN - 列名STATE 类型CHAR 参数1 不为空 没有找到对应关系 -[2018-9-29 00:13:36]
WARN - 列名ISCREATETOSAP 类型CHAR 参数1 不为空 没有找到对应关系 -[2018-9-29 00:13:36]
WARN - 列名CANCEL_TIME 类型TIMESTAMP(6) 参数11,6 不为空 没有找到对应关系 -[2018-9-29 00:13:36]
INFO - 开始生成表：ISC_LOGIN_LOCK对应JavaBean -[2018-9-29 00:13:36]
INFO - 开始生成表：ISC_MAIL_CONF对应JavaBean -[2018-9-29 00:13:36]
INFO - 开始生成表：ISC_MAIL_TEMPLATE_CONF对应JavaBean -[2018-9-29 00:13:36]
WARN - 列名CREATE_TIME 类型TIMESTAMP(6) 参数11,6 不为空 没有找到对应关系 -[2018-9-29 00:13:36]
INFO - 开始生成表：ISC_MDMORG_SPORG_UNIT_R对应JavaBean -[2018-9-29 00:13:36]
INFO - 开始生成表：ISC_MDM_ORG对应JavaBean -[2018-9-29 00:13:36]
INFO - 开始生成表：ISC_MSG_RESOURCE对应JavaBean -[2018-9-29 00:13:36]
WARN - 列名MODIFY_LAST_TIME 类型TIMESTAMP(6) 参数11,6 不为空 没有找到对应关系 -[2018-9-29 00:13:36]
INFO - 开始生成表：ISC_NODE对应JavaBean -[2018-9-29 00:13:36]
WARN - 列名SYNC 类型CHAR 参数1 不为空 没有找到对应关系 -[2018-9-29 00:13:36]
INFO - 开始生成表：ISC_NODE_DEPLOY_R对应JavaBean -[2018-9-29 00:13:36]
INFO - 开始生成表：ISC_ORG_ATTRIBUTE对应JavaBean -[2018-9-29 00:13:36]
WARN - 列名SYSSET 类型CHAR 参数1 不为空 没有找到对应关系 -[2018-9-29 00:13:36]
WARN - 列名STATE 类型CHAR 参数1 不为空 没有找到对应关系 -[2018-9-29 00:13:36]
INFO - 开始生成表：ISC_ORG_SYS_DIM_R对应JavaBean -[2018-9-29 00:13:36]
INFO - 开始生成表：ISC_ORG_UNIT_DIM_R对应JavaBean -[2018-9-29 00:13:36]
INFO - 开始生成表：ISC_RESOURCE对应JavaBean -[2018-9-29 00:13:36]
WARN - 列名CREATE_TIME 类型TIMESTAMP(6) 参数11,6 不为空 没有找到对应关系 -[2018-9-29 00:13:36]
WARN - 列名UPDATE_TIME 类型TIMESTAMP(6) 参数11,6 不为空 没有找到对应关系 -[2018-9-29 00:13:36]
INFO - 开始生成表：ISC_RESOURCE_EXT_PROPERTY对应JavaBean -[2018-9-29 00:13:36]
INFO - 开始生成表：ISC_RESOURCE_EXT_PROPERTY_ETL对应JavaBean -[2018-9-29 00:13:36]
INFO - 开始生成表：ISC_RESOURCE_TYPE对应JavaBean -[2018-9-29 00:13:36]
WARN - 列名REGISTER_TIME 类型TIMESTAMP(6) 参数11,6 不为空 没有找到对应关系 -[2018-9-29 00:13:36]
INFO - 开始生成表：ISC_RESOURC_TYPE_APPLICATION_R对应JavaBean -[2018-9-29 00:13:36]
INFO - 开始生成表：ISC_RES_EXT_VALUE对应JavaBean -[2018-9-29 00:13:36]
INFO - 开始生成表：ISC_RES_RES_R对应JavaBean -[2018-9-29 00:13:36]
WARN - 列名CREATED_TIME 类型TIMESTAMP(6) 参数11,6 不为空 没有找到对应关系 -[2018-9-29 00:13:36]
WARN - 列名UPDATED_TIME 类型TIMESTAMP(6) 参数11,6 不为空 没有找到对应关系 -[2018-9-29 00:13:36]
INFO - 开始生成表：ISC_ROLEGROUP对应JavaBean -[2018-9-29 00:13:36]
INFO - 开始生成表：ISC_ROLE_LAYER_BY_ORG对应JavaBean -[2018-9-29 00:13:36]
WARN - 列名START_TIME 类型TIMESTAMP(6) 参数11,6 不为空 没有找到对应关系 -[2018-9-29 00:13:36]
WARN - 列名END_TIME 类型TIMESTAMP(6) 参数11,6 不为空 没有找到对应关系 -[2018-9-29 00:13:36]
INFO - 开始生成表：ISC_ROLE_RES_R对应JavaBean -[2018-9-29 00:13:36]
INFO - 开始生成表：ISC_SECURE_CONF对应JavaBean -[2018-9-29 00:13:36]
INFO - 开始生成表：ISC_SPECIALORG_UNIT对应JavaBean -[2018-9-29 00:13:36]
WARN - 列名RELATION 类型CHAR 参数1 不为空 没有找到对应关系 -[2018-9-29 00:13:36]
WARN - 列名RETRACT_DATE 类型TIMESTAMP(6) 参数11,6 不为空 没有找到对应关系 -[2018-9-29 00:13:36]
WARN - 列名FOUND_DATE 类型TIMESTAMP(6) 参数11,6 不为空 没有找到对应关系 -[2018-9-29 00:13:36]
WARN - 列名STATE 类型CHAR 参数1 不为空 没有找到对应关系 -[2018-9-29 00:13:36]
WARN - 列名ISLEAF 类型CHAR 参数1 不为空 没有找到对应关系 -[2018-9-29 00:13:36]
INFO - 开始生成表：ISC_SPECIALORG_UNIT_BAK对应JavaBean -[2018-9-29 00:13:36]
WARN - 列名RELATION 类型CHAR 参数1 不为空 没有找到对应关系 -[2018-9-29 00:13:37]
WARN - 列名RETRACT_DATE 类型TIMESTAMP(6) 参数11,6 不为空 没有找到对应关系 -[2018-9-29 00:13:37]
WARN - 列名FOUND_DATE 类型TIMESTAMP(6) 参数11,6 不为空 没有找到对应关系 -[2018-9-29 00:13:37]
WARN - 列名STATE 类型CHAR 参数1 不为空 没有找到对应关系 -[2018-9-29 00:13:37]
WARN - 列名ISLEAF 类型CHAR 参数1 不为空 没有找到对应关系 -[2018-9-29 00:13:37]
INFO - 开始生成表：ISC_SPORG_EXTPROP对应JavaBean -[2018-9-29 00:13:37]
WARN - 列名STATE 类型CHAR 参数1 不为空 没有找到对应关系 -[2018-9-29 00:13:37]
WARN - 列名ISMUST 类型CHAR 参数1 不为空 没有找到对应关系 -[2018-9-29 00:13:37]
INFO - 开始生成表：ISC_SPORG_EXTPROPVAL对应JavaBean -[2018-9-29 00:13:37]
INFO - 开始生成表：ISC_SPORG_EXTPROP_ATTR_R对应JavaBean -[2018-9-29 00:13:37]
INFO - 开始生成表：ISC_SPROLE对应JavaBean -[2018-9-29 00:13:37]
WARN - 列名ISCREATETOSAP 类型CHAR 参数1 不为空 没有找到对应关系 -[2018-9-29 00:13:37]
INFO - 开始生成表：ISC_SPROLE_EXT对应JavaBean -[2018-9-29 00:13:37]
WARN - 列名IS_NEED 类型CHAR 参数1 不为空 没有找到对应关系 -[2018-9-29 00:13:37]
WARN - 列名TYPE 类型CHAR 参数1 不为空 没有找到对应关系 -[2018-9-29 00:13:37]
INFO - 开始生成表：ISC_SPROLE_EXT_VALUE对应JavaBean -[2018-9-29 00:13:37]
INFO - 开始生成表：ISC_SPROLE_R对应JavaBean -[2018-9-29 00:13:37]
WARN - 列名SET_TIME 类型TIMESTAMP(6) 参数11,6 不为空 没有找到对应关系 -[2018-9-29 00:13:37]
INFO - 开始生成表：ISC_SP_DOMAIN对应JavaBean -[2018-9-29 00:13:37]
WARN - 列名STATE 类型CHAR 参数1 不为空 没有找到对应关系 -[2018-9-29 00:13:37]
INFO - 开始生成表：ISC_SP_DOMAIN_CODE_RELATION对应JavaBean -[2018-9-29 00:13:37]
INFO - 开始生成表：ISC_SP_ORG_SYSTEM对应JavaBean -[2018-9-29 00:13:37]
INFO - 开始生成表：ISC_STRATEGY_BASEORG_R对应JavaBean -[2018-9-29 00:13:37]
INFO - 开始生成表：ISC_STRATEGY_CONF对应JavaBean -[2018-9-29 00:13:37]
INFO - 开始生成表：ISC_STRATEGY_SESSION对应JavaBean -[2018-9-29 00:13:37]
INFO - 开始生成表：ISC_STRATEGY_USER对应JavaBean -[2018-9-29 00:13:37]
INFO - 开始生成表：ISC_SYNC_LOG对应JavaBean -[2018-9-29 00:13:37]
WARN - 列名SYNC_TIME 类型TIMESTAMP(6) 参数11,6 没有找到对应关系 -[2018-9-29 00:13:37]
WARN - 列名SYNC_XML_DATA 类型CLOB 参数4000 不为空 没有找到对应关系 -[2018-9-29 00:13:37]
WARN - 列名ANALYSIS_START_TIME 类型TIMESTAMP(6) 参数11,6 不为空 没有找到对应关系 -[2018-9-29 00:13:37]
WARN - 列名ANALYSIS_END_TIME 类型TIMESTAMP(6) 参数11,6 不为空 没有找到对应关系 -[2018-9-29 00:13:37]
WARN - 列名CALL_START_TIME 类型TIMESTAMP(6) 参数11,6 不为空 没有找到对应关系 -[2018-9-29 00:13:37]
WARN - 列名CALL_END_TIME 类型TIMESTAMP(6) 参数11,6 不为空 没有找到对应关系 -[2018-9-29 00:13:37]
INFO - 开始生成表：ISC_SYNC_PROCESS对应JavaBean -[2018-9-29 00:13:37]
WARN - 列名SYNC_TIME 类型TIMESTAMP(6) 参数11,6 没有找到对应关系 -[2018-9-29 00:13:37]
WARN - 列名SYNC_XML_DATA 类型CLOB 参数4000 不为空 没有找到对应关系 -[2018-9-29 00:13:37]
WARN - 列名SYNC_STATUS 类型CHAR 参数1 没有找到对应关系 -[2018-9-29 00:13:37]
WARN - 列名ANALYSIS_START_TIME 类型TIMESTAMP(6) 参数11,6 不为空 没有找到对应关系 -[2018-9-29 00:13:37]
WARN - 列名ANALYSIS_END_TIME 类型TIMESTAMP(6) 参数11,6 不为空 没有找到对应关系 -[2018-9-29 00:13:37]
INFO - 开始生成表：ISC_SYSTEM_START_CONFIG对应JavaBean -[2018-9-29 00:13:37]
WARN - 列名DATE_VALUE 类型TIMESTAMP(6) 参数11,6 不为空 没有找到对应关系 -[2018-9-29 00:13:37]
INFO - 开始生成表：ISC_TEMP_ACTOR_ROLE_TBL对应JavaBean -[2018-9-29 00:13:37]
WARN - 列名STATE 类型CHAR 参数1 不为空 没有找到对应关系 -[2018-9-29 00:13:37]
WARN - 列名START_TIME 类型TIMESTAMP(6) 参数11,6 不为空 没有找到对应关系 -[2018-9-29 00:13:37]
WARN - 列名END_TIME 类型TIMESTAMP(6) 参数11,6 不为空 没有找到对应关系 -[2018-9-29 00:13:37]
INFO - 开始生成表：ISC_TEMP_USER对应JavaBean -[2018-9-29 00:13:37]
WARN - 列名ISCACHED 类型CHAR 参数1 不为空 没有找到对应关系 -[2018-9-29 00:13:37]
WARN - 列名START_USEFULLIFE2 类型TIMESTAMP(6) 参数11,6 不为空 没有找到对应关系 -[2018-9-29 00:13:37]
WARN - 列名END_USEFULLIFE 类型TIMESTAMP(6) 参数11,6 不为空 没有找到对应关系 -[2018-9-29 00:13:37]
WARN - 列名SYNCTOSAP 类型CHAR 参数1 不为空 没有找到对应关系 -[2018-9-29 00:13:37]
WARN - 列名LASTMODIFY 类型TIMESTAMP(6) 参数11,6 不为空 没有找到对应关系 -[2018-9-29 00:13:37]
INFO - 开始生成表：ISC_TEMP_USER_TBL对应JavaBean -[2018-9-29 00:13:37]
WARN - 列名OPER_TYPE 类型CHAR 参数1 不为空 没有找到对应关系 -[2018-9-29 00:13:37]
WARN - 列名STATE 类型CHAR 参数1 不为空 没有找到对应关系 -[2018-9-29 00:13:37]
INFO - 开始生成表：ISC_UNIT对应JavaBean -[2018-9-29 00:13:37]
INFO - 开始生成表：ISC_USER对应JavaBean -[2018-9-29 00:13:37]
WARN - 列名ISCACHED 类型CHAR 参数1 不为空 没有找到对应关系 -[2018-9-29 00:13:37]
WARN - 列名START_USEFULLIFE2 类型TIMESTAMP(6) 参数11,6 不为空 没有找到对应关系 -[2018-9-29 00:13:37]
WARN - 列名END_USEFULLIFE 类型TIMESTAMP(6) 参数11,6 不为空 没有找到对应关系 -[2018-9-29 00:13:37]
WARN - 列名SYNCTOSAP 类型CHAR 参数1 不为空 没有找到对应关系 -[2018-9-29 00:13:37]
WARN - 列名LASTMODIFY 类型TIMESTAMP(6) 参数11,6 不为空 没有找到对应关系 -[2018-9-29 00:13:37]
INFO - 开始生成表：ISC_USER_CFCA_CONN对应JavaBean -[2018-9-29 00:13:37]
INFO - 开始生成表：ISC_USER_DUTY对应JavaBean -[2018-9-29 00:13:37]
INFO - 开始生成表：ISC_USER_EXT对应JavaBean -[2018-9-29 00:13:37]
INFO - 开始生成表：ISC_USER_EXT_PROPERTY对应JavaBean -[2018-9-29 00:13:37]
INFO - 开始生成表：ISC_USER_EXT_PROP_ERP对应JavaBean -[2018-9-29 00:13:37]
INFO - 开始生成表：ISC_USER_EXT_PROP_VALUE_ERP对应JavaBean -[2018-9-29 00:13:37]
INFO - 开始生成表：ISC_USER_PASSWORDUSEFULDAY对应JavaBean -[2018-9-29 00:13:37]
WARN - 列名START_PASSWORDUSEFULDAY 类型TIMESTAMP(6) 参数11,6 不为空 没有找到对应关系 -[2018-9-29 00:13:37]
WARN - 列名END_PASSWORDUSEFULDAY 类型TIMESTAMP(6) 参数11,6 不为空 没有找到对应关系 -[2018-9-29 00:13:37]
INFO - 开始生成表：ISC_USER_PASSWORD_REPETITIONS对应JavaBean -[2018-9-29 00:13:37]
WARN - 列名MODI_TIME 类型TIMESTAMP(6) 参数11,6 不为空 没有找到对应关系 -[2018-9-29 00:13:37]
INFO - 开始生成表：ISC_USER_SPORG对应JavaBean -[2018-9-29 00:13:37]
INFO - 开始生成表：ISC_WO_ACCOUNTAPPLY对应JavaBean -[2018-9-29 00:13:37]
WARN - 列名SEX 类型CHAR 参数1 不为空 没有找到对应关系 -[2018-9-29 00:13:37]
WARN - 列名ACCOUNT_TYPE 类型CHAR 参数1 不为空 没有找到对应关系 -[2018-9-29 00:13:37]
WARN - 列名END_USEFULLIFE 类型TIMESTAMP(6) 参数11,6 不为空 没有找到对应关系 -[2018-9-29 00:13:37]
INFO - 开始生成表：ISC_WO_ACCOUNT_CHANGE对应JavaBean -[2018-9-29 00:13:37]
WARN - 列名END_USEFULLIFE 类型TIMESTAMP(6) 参数11,6 不为空 没有找到对应关系 -[2018-9-29 00:13:37]
INFO - 开始生成表：ISC_WO_APPCONF_CHANGE对应JavaBean -[2018-9-29 00:13:37]
INFO - 开始生成表：ISC_WO_APPROVAL_COMMENTS对应JavaBean -[2018-9-29 00:13:37]
WARN - 列名ACTIVITY_DATE 类型TIMESTAMP(6) 参数11,6 不为空 没有找到对应关系 -[2018-9-29 00:13:37]
INFO - 开始生成表：ISC_WO_APP_REGISTER对应JavaBean -[2018-9-29 00:13:37]
WARN - 列名APP_STATUS 类型CHAR 参数1 不为空 没有找到对应关系 -[2018-9-29 00:13:37]
WARN - 列名USE_AREA 类型CHAR 参数1 不为空 没有找到对应关系 -[2018-9-29 00:13:37]
WARN - 列名DEPLOY_LEVEL 类型CHAR 参数1 不为空 没有找到对应关系 -[2018-9-29 00:13:37]
INFO - 开始生成表：ISC_WO_ORDER对应JavaBean -[2018-9-29 00:13:37]
WARN - 列名OPERATIONDATE 类型TIMESTAMP(6) 参数11,6 不为空 没有找到对应关系 -[2018-9-29 00:13:37]
WARN - 列名ORDER_TYPE 类型CHAR 参数2 不为空 没有找到对应关系 -[2018-9-29 00:13:37]
WARN - 列名ORDER_STATUS 类型CHAR 参数1 不为空 没有找到对应关系 -[2018-9-29 00:13:37]
INFO - 开始生成表：ISC_WO_ROLELIST对应JavaBean -[2018-9-29 00:13:37]
INFO - 开始生成表：ISC_WO_ROLES对应JavaBean -[2018-9-29 00:13:37]
WARN - 列名CHANGE_TYPE 类型CHAR 参数1 不为空 没有找到对应关系 -[2018-9-29 00:13:37]
INFO - 开始生成表：OPERATE_OBJ对应JavaBean -[2018-9-29 00:13:37]
INFO - 开始生成表：OPERATE_TYPE对应JavaBean -[2018-9-29 00:13:38]
INFO - 开始生成表：RESOURCE_DEFAULT_PROPERTY对应JavaBean -[2018-9-29 00:13:38]
INFO - 开始生成表：SAS_REPORT_FILES_LOG对应JavaBean -[2018-9-29 00:13:38]
INFO - 开始生成表：SAS_STANDARD_DB_LOG_201301对应JavaBean -[2018-9-29 00:13:38]
WARN - 列名RECORD_TIME 类型TIMESTAMP(6) 参数11,6 不为空 没有找到对应关系 -[2018-9-29 00:13:38]
WARN - 列名OPERATION_TIME 类型TIMESTAMP(6) 参数11,6 不为空 没有找到对应关系 -[2018-9-29 00:13:38]
WARN - 列名LASTOVERHAULTIME 类型TIMESTAMP(6) 参数11,6 不为空 没有找到对应关系 -[2018-9-29 00:13:38]
WARN - 列名LOGIN_TIME 类型TIMESTAMP(6) 参数11,6 不为空 没有找到对应关系 -[2018-9-29 00:13:38]
WARN - 列名LOGOUT_TIME 类型TIMESTAMP(6) 参数11,6 不为空 没有找到对应关系 -[2018-9-29 00:13:38]
INFO - 开始生成表：SAS_STANDARD_DB_LOG_201302对应JavaBean -[2018-9-29 00:13:38]
WARN - 列名RECORD_TIME 类型TIMESTAMP(6) 参数11,6 不为空 没有找到对应关系 -[2018-9-29 00:13:38]
WARN - 列名OPERATION_TIME 类型TIMESTAMP(6) 参数11,6 不为空 没有找到对应关系 -[2018-9-29 00:13:38]
WARN - 列名LASTOVERHAULTIME 类型TIMESTAMP(6) 参数11,6 不为空 没有找到对应关系 -[2018-9-29 00:13:38]
WARN - 列名LOGIN_TIME 类型TIMESTAMP(6) 参数11,6 不为空 没有找到对应关系 -[2018-9-29 00:13:38]
WARN - 列名LOGOUT_TIME 类型TIMESTAMP(6) 参数11,6 不为空 没有找到对应关系 -[2018-9-29 00:13:38]
INFO - 开始生成表：SAS_STANDARD_DB_LOG_201303对应JavaBean -[2018-9-29 00:13:38]
WARN - 列名RECORD_TIME 类型TIMESTAMP(6) 参数11,6 不为空 没有找到对应关系 -[2018-9-29 00:13:38]
WARN - 列名OPERATION_TIME 类型TIMESTAMP(6) 参数11,6 不为空 没有找到对应关系 -[2018-9-29 00:13:38]
WARN - 列名LASTOVERHAULTIME 类型TIMESTAMP(6) 参数11,6 不为空 没有找到对应关系 -[2018-9-29 00:13:38]
WARN - 列名LOGIN_TIME 类型TIMESTAMP(6) 参数11,6 不为空 没有找到对应关系 -[2018-9-29 00:13:38]
WARN - 列名LOGOUT_TIME 类型TIMESTAMP(6) 参数11,6 不为空 没有找到对应关系 -[2018-9-29 00:13:38]
INFO - 开始生成表：SAS_STANDARD_DB_LOG_201304对应JavaBean -[2018-9-29 00:13:38]
WARN - 列名RECORD_TIME 类型TIMESTAMP(6) 参数11,6 不为空 没有找到对应关系 -[2018-9-29 00:13:38]
WARN - 列名OPERATION_TIME 类型TIMESTAMP(6) 参数11,6 不为空 没有找到对应关系 -[2018-9-29 00:13:38]
WARN - 列名LASTOVERHAULTIME 类型TIMESTAMP(6) 参数11,6 不为空 没有找到对应关系 -[2018-9-29 00:13:38]
WARN - 列名LOGIN_TIME 类型TIMESTAMP(6) 参数11,6 不为空 没有找到对应关系 -[2018-9-29 00:13:38]
WARN - 列名LOGOUT_TIME 类型TIMESTAMP(6) 参数11,6 不为空 没有找到对应关系 -[2018-9-29 00:13:38]
INFO - 开始生成表：SAS_STANDARD_DB_LOG_201305对应JavaBean -[2018-9-29 00:13:38]
WARN - 列名RECORD_TIME 类型TIMESTAMP(6) 参数11,6 不为空 没有找到对应关系 -[2018-9-29 00:13:38]
WARN - 列名OPERATION_TIME 类型TIMESTAMP(6) 参数11,6 不为空 没有找到对应关系 -[2018-9-29 00:13:38]
WARN - 列名LASTOVERHAULTIME 类型TIMESTAMP(6) 参数11,6 不为空 没有找到对应关系 -[2018-9-29 00:13:38]
WARN - 列名LOGIN_TIME 类型TIMESTAMP(6) 参数11,6 不为空 没有找到对应关系 -[2018-9-29 00:13:38]
WARN - 列名LOGOUT_TIME 类型TIMESTAMP(6) 参数11,6 不为空 没有找到对应关系 -[2018-9-29 00:13:38]
INFO - 开始生成表：SAS_STANDARD_DB_LOG_201306对应JavaBean -[2018-9-29 00:13:38]
WARN - 列名RECORD_TIME 类型TIMESTAMP(6) 参数11,6 不为空 没有找到对应关系 -[2018-9-29 00:13:38]
WARN - 列名OPERATION_TIME 类型TIMESTAMP(6) 参数11,6 不为空 没有找到对应关系 -[2018-9-29 00:13:38]
WARN - 列名LASTOVERHAULTIME 类型TIMESTAMP(6) 参数11,6 不为空 没有找到对应关系 -[2018-9-29 00:13:38]
WARN - 列名LOGIN_TIME 类型TIMESTAMP(6) 参数11,6 不为空 没有找到对应关系 -[2018-9-29 00:13:38]
WARN - 列名LOGOUT_TIME 类型TIMESTAMP(6) 参数11,6 不为空 没有找到对应关系 -[2018-9-29 00:13:38]
INFO - 开始生成表：SAS_STANDARD_DB_LOG_201307对应JavaBean -[2018-9-29 00:13:38]
WARN - 列名RECORD_TIME 类型TIMESTAMP(6) 参数11,6 不为空 没有找到对应关系 -[2018-9-29 00:13:38]
WARN - 列名OPERATION_TIME 类型TIMESTAMP(6) 参数11,6 不为空 没有找到对应关系 -[2018-9-29 00:13:38]
WARN - 列名LASTOVERHAULTIME 类型TIMESTAMP(6) 参数11,6 不为空 没有找到对应关系 -[2018-9-29 00:13:38]
WARN - 列名LOGIN_TIME 类型TIMESTAMP(6) 参数11,6 不为空 没有找到对应关系 -[2018-9-29 00:13:38]
WARN - 列名LOGOUT_TIME 类型TIMESTAMP(6) 参数11,6 不为空 没有找到对应关系 -[2018-9-29 00:13:38]
INFO - 开始生成表：SAS_STANDARD_DB_LOG_201308对应JavaBean -[2018-9-29 00:13:38]
WARN - 列名RECORD_TIME 类型TIMESTAMP(6) 参数11,6 不为空 没有找到对应关系 -[2018-9-29 00:13:38]
WARN - 列名OPERATION_TIME 类型TIMESTAMP(6) 参数11,6 不为空 没有找到对应关系 -[2018-9-29 00:13:38]
WARN - 列名LASTOVERHAULTIME 类型TIMESTAMP(6) 参数11,6 不为空 没有找到对应关系 -[2018-9-29 00:13:38]
WARN - 列名LOGIN_TIME 类型TIMESTAMP(6) 参数11,6 不为空 没有找到对应关系 -[2018-9-29 00:13:38]
WARN - 列名LOGOUT_TIME 类型TIMESTAMP(6) 参数11,6 不为空 没有找到对应关系 -[2018-9-29 00:13:38]
INFO - 开始生成表：SAS_STANDARD_DB_LOG_201309对应JavaBean -[2018-9-29 00:13:38]
WARN - 列名RECORD_TIME 类型TIMESTAMP(6) 参数11,6 不为空 没有找到对应关系 -[2018-9-29 00:13:38]
WARN - 列名OPERATION_TIME 类型TIMESTAMP(6) 参数11,6 不为空 没有找到对应关系 -[2018-9-29 00:13:38]
WARN - 列名LASTOVERHAULTIME 类型TIMESTAMP(6) 参数11,6 不为空 没有找到对应关系 -[2018-9-29 00:13:38]
WARN - 列名LOGIN_TIME 类型TIMESTAMP(6) 参数11,6 不为空 没有找到对应关系 -[2018-9-29 00:13:38]
WARN - 列名LOGOUT_TIME 类型TIMESTAMP(6) 参数11,6 不为空 没有找到对应关系 -[2018-9-29 00:13:38]
INFO - 开始生成表：SAS_STANDARD_DB_LOG_201310对应JavaBean -[2018-9-29 00:13:38]
WARN - 列名RECORD_TIME 类型TIMESTAMP(6) 参数11,6 不为空 没有找到对应关系 -[2018-9-29 00:13:38]
WARN - 列名OPERATION_TIME 类型TIMESTAMP(6) 参数11,6 不为空 没有找到对应关系 -[2018-9-29 00:13:38]
WARN - 列名LASTOVERHAULTIME 类型TIMESTAMP(6) 参数11,6 不为空 没有找到对应关系 -[2018-9-29 00:13:38]
WARN - 列名LOGIN_TIME 类型TIMESTAMP(6) 参数11,6 不为空 没有找到对应关系 -[2018-9-29 00:13:38]
WARN - 列名LOGOUT_TIME 类型TIMESTAMP(6) 参数11,6 不为空 没有找到对应关系 -[2018-9-29 00:13:38]
INFO - 开始生成表：SAS_STANDARD_DB_LOG_201311对应JavaBean -[2018-9-29 00:13:38]
WARN - 列名RECORD_TIME 类型TIMESTAMP(6) 参数11,6 不为空 没有找到对应关系 -[2018-9-29 00:13:38]
WARN - 列名OPERATION_TIME 类型TIMESTAMP(6) 参数11,6 不为空 没有找到对应关系 -[2018-9-29 00:13:38]
WARN - 列名LASTOVERHAULTIME 类型TIMESTAMP(6) 参数11,6 不为空 没有找到对应关系 -[2018-9-29 00:13:38]
WARN - 列名LOGIN_TIME 类型TIMESTAMP(6) 参数11,6 不为空 没有找到对应关系 -[2018-9-29 00:13:38]
WARN - 列名LOGOUT_TIME 类型TIMESTAMP(6) 参数11,6 不为空 没有找到对应关系 -[2018-9-29 00:13:38]
INFO - 开始生成表：SAS_STANDARD_DB_LOG_201312对应JavaBean -[2018-9-29 00:13:38]
WARN - 列名RECORD_TIME 类型TIMESTAMP(6) 参数11,6 不为空 没有找到对应关系 -[2018-9-29 00:13:38]
WARN - 列名OPERATION_TIME 类型TIMESTAMP(6) 参数11,6 不为空 没有找到对应关系 -[2018-9-29 00:13:38]
WARN - 列名LASTOVERHAULTIME 类型TIMESTAMP(6) 参数11,6 不为空 没有找到对应关系 -[2018-9-29 00:13:38]
WARN - 列名LOGIN_TIME 类型TIMESTAMP(6) 参数11,6 不为空 没有找到对应关系 -[2018-9-29 00:13:38]
WARN - 列名LOGOUT_TIME 类型TIMESTAMP(6) 参数11,6 不为空 没有找到对应关系 -[2018-9-29 00:13:38]
INFO - 开始生成表：SAS_STANDARD_DB_LOG_201701对应JavaBean -[2018-9-29 00:13:38]
WARN - 列名RECORD_TIME 类型TIMESTAMP(6) 参数11,6 不为空 没有找到对应关系 -[2018-9-29 00:13:38]
WARN - 列名OPERATION_TIME 类型TIMESTAMP(6) 参数11,6 不为空 没有找到对应关系 -[2018-9-29 00:13:38]
WARN - 列名LASTOVERHAULTIME 类型TIMESTAMP(6) 参数11,6 不为空 没有找到对应关系 -[2018-9-29 00:13:38]
WARN - 列名LOGIN_TIME 类型TIMESTAMP(6) 参数11,6 不为空 没有找到对应关系 -[2018-9-29 00:13:38]
WARN - 列名LOGOUT_TIME 类型TIMESTAMP(6) 参数11,6 不为空 没有找到对应关系 -[2018-9-29 00:13:38]
INFO - 开始生成表：SAS_STANDARD_DB_LOG_201702对应JavaBean -[2018-9-29 00:13:38]
WARN - 列名RECORD_TIME 类型TIMESTAMP(6) 参数11,6 不为空 没有找到对应关系 -[2018-9-29 00:13:38]
WARN - 列名OPERATION_TIME 类型TIMESTAMP(6) 参数11,6 不为空 没有找到对应关系 -[2018-9-29 00:13:38]
WARN - 列名LASTOVERHAULTIME 类型TIMESTAMP(6) 参数11,6 不为空 没有找到对应关系 -[2018-9-29 00:13:38]
WARN - 列名LOGIN_TIME 类型TIMESTAMP(6) 参数11,6 不为空 没有找到对应关系 -[2018-9-29 00:13:38]
WARN - 列名LOGOUT_TIME 类型TIMESTAMP(6) 参数11,6 不为空 没有找到对应关系 -[2018-9-29 00:13:38]
INFO - 开始生成表：SAS_STANDARD_DB_LOG_201703对应JavaBean -[2018-9-29 00:13:38]
WARN - 列名RECORD_TIME 类型TIMESTAMP(6) 参数11,6 不为空 没有找到对应关系 -[2018-9-29 00:13:38]
WARN - 列名OPERATION_TIME 类型TIMESTAMP(6) 参数11,6 不为空 没有找到对应关系 -[2018-9-29 00:13:38]
WARN - 列名LASTOVERHAULTIME 类型TIMESTAMP(6) 参数11,6 不为空 没有找到对应关系 -[2018-9-29 00:13:38]
WARN - 列名LOGIN_TIME 类型TIMESTAMP(6) 参数11,6 不为空 没有找到对应关系 -[2018-9-29 00:13:38]
WARN - 列名LOGOUT_TIME 类型TIMESTAMP(6) 参数11,6 不为空 没有找到对应关系 -[2018-9-29 00:13:38]
INFO - 开始生成表：SAS_STANDARD_DB_LOG_201704对应JavaBean -[2018-9-29 00:13:38]
WARN - 列名RECORD_TIME 类型TIMESTAMP(6) 参数11,6 不为空 没有找到对应关系 -[2018-9-29 00:13:38]
WARN - 列名OPERATION_TIME 类型TIMESTAMP(6) 参数11,6 不为空 没有找到对应关系 -[2018-9-29 00:13:38]
WARN - 列名LASTOVERHAULTIME 类型TIMESTAMP(6) 参数11,6 不为空 没有找到对应关系 -[2018-9-29 00:13:38]
WARN - 列名LOGIN_TIME 类型TIMESTAMP(6) 参数11,6 不为空 没有找到对应关系 -[2018-9-29 00:13:38]
WARN - 列名LOGOUT_TIME 类型TIMESTAMP(6) 参数11,6 不为空 没有找到对应关系 -[2018-9-29 00:13:38]
INFO - 开始生成表：SAS_STANDARD_DB_LOG_201705对应JavaBean -[2018-9-29 00:13:38]
WARN - 列名RECORD_TIME 类型TIMESTAMP(6) 参数11,6 不为空 没有找到对应关系 -[2018-9-29 00:13:38]
WARN - 列名OPERATION_TIME 类型TIMESTAMP(6) 参数11,6 不为空 没有找到对应关系 -[2018-9-29 00:13:38]
WARN - 列名LASTOVERHAULTIME 类型TIMESTAMP(6) 参数11,6 不为空 没有找到对应关系 -[2018-9-29 00:13:38]
WARN - 列名LOGIN_TIME 类型TIMESTAMP(6) 参数11,6 不为空 没有找到对应关系 -[2018-9-29 00:13:38]
WARN - 列名LOGOUT_TIME 类型TIMESTAMP(6) 参数11,6 不为空 没有找到对应关系 -[2018-9-29 00:13:38]
INFO - 开始生成表：SAS_STANDARD_DB_LOG_201706对应JavaBean -[2018-9-29 00:13:38]
WARN - 列名RECORD_TIME 类型TIMESTAMP(6) 参数11,6 不为空 没有找到对应关系 -[2018-9-29 00:13:38]
WARN - 列名OPERATION_TIME 类型TIMESTAMP(6) 参数11,6 不为空 没有找到对应关系 -[2018-9-29 00:13:38]
WARN - 列名LASTOVERHAULTIME 类型TIMESTAMP(6) 参数11,6 不为空 没有找到对应关系 -[2018-9-29 00:13:38]
WARN - 列名LOGIN_TIME 类型TIMESTAMP(6) 参数11,6 不为空 没有找到对应关系 -[2018-9-29 00:13:38]
WARN - 列名LOGOUT_TIME 类型TIMESTAMP(6) 参数11,6 不为空 没有找到对应关系 -[2018-9-29 00:13:38]
INFO - 开始生成表：SAS_STANDARD_DB_LOG_201707对应JavaBean -[2018-9-29 00:13:38]
WARN - 列名RECORD_TIME 类型TIMESTAMP(6) 参数11,6 不为空 没有找到对应关系 -[2018-9-29 00:13:38]
WARN - 列名OPERATION_TIME 类型TIMESTAMP(6) 参数11,6 不为空 没有找到对应关系 -[2018-9-29 00:13:38]
WARN - 列名LASTOVERHAULTIME 类型TIMESTAMP(6) 参数11,6 不为空 没有找到对应关系 -[2018-9-29 00:13:38]
WARN - 列名LOGIN_TIME 类型TIMESTAMP(6) 参数11,6 不为空 没有找到对应关系 -[2018-9-29 00:13:38]
WARN - 列名LOGOUT_TIME 类型TIMESTAMP(6) 参数11,6 不为空 没有找到对应关系 -[2018-9-29 00:13:38]
INFO - 开始生成表：SAS_STANDARD_DB_LOG_201708对应JavaBean -[2018-9-29 00:13:38]
WARN - 列名RECORD_TIME 类型TIMESTAMP(6) 参数11,6 不为空 没有找到对应关系 -[2018-9-29 00:13:38]
WARN - 列名OPERATION_TIME 类型TIMESTAMP(6) 参数11,6 不为空 没有找到对应关系 -[2018-9-29 00:13:38]
WARN - 列名LASTOVERHAULTIME 类型TIMESTAMP(6) 参数11,6 不为空 没有找到对应关系 -[2018-9-29 00:13:38]
WARN - 列名LOGIN_TIME 类型TIMESTAMP(6) 参数11,6 不为空 没有找到对应关系 -[2018-9-29 00:13:38]
WARN - 列名LOGOUT_TIME 类型TIMESTAMP(6) 参数11,6 不为空 没有找到对应关系 -[2018-9-29 00:13:38]
INFO - 开始生成表：SAS_STANDARD_DB_LOG_201709对应JavaBean -[2018-9-29 00:13:38]
WARN - 列名RECORD_TIME 类型TIMESTAMP(6) 参数11,6 不为空 没有找到对应关系 -[2018-9-29 00:13:38]
WARN - 列名OPERATION_TIME 类型TIMESTAMP(6) 参数11,6 不为空 没有找到对应关系 -[2018-9-29 00:13:38]
WARN - 列名LASTOVERHAULTIME 类型TIMESTAMP(6) 参数11,6 不为空 没有找到对应关系 -[2018-9-29 00:13:38]
WARN - 列名LOGIN_TIME 类型TIMESTAMP(6) 参数11,6 不为空 没有找到对应关系 -[2018-9-29 00:13:38]
WARN - 列名LOGOUT_TIME 类型TIMESTAMP(6) 参数11,6 不为空 没有找到对应关系 -[2018-9-29 00:13:38]
INFO - 开始生成表：SAS_STANDARD_DB_LOG_201710对应JavaBean -[2018-9-29 00:13:38]
WARN - 列名RECORD_TIME 类型TIMESTAMP(6) 参数11,6 不为空 没有找到对应关系 -[2018-9-29 00:13:38]
WARN - 列名OPERATION_TIME 类型TIMESTAMP(6) 参数11,6 不为空 没有找到对应关系 -[2018-9-29 00:13:38]
WARN - 列名LASTOVERHAULTIME 类型TIMESTAMP(6) 参数11,6 不为空 没有找到对应关系 -[2018-9-29 00:13:38]
WARN - 列名LOGIN_TIME 类型TIMESTAMP(6) 参数11,6 不为空 没有找到对应关系 -[2018-9-29 00:13:38]
WARN - 列名LOGOUT_TIME 类型TIMESTAMP(6) 参数11,6 不为空 没有找到对应关系 -[2018-9-29 00:13:38]
INFO - 开始生成表：SAS_STANDARD_DB_LOG_201711对应JavaBean -[2018-9-29 00:13:38]
WARN - 列名RECORD_TIME 类型TIMESTAMP(6) 参数11,6 不为空 没有找到对应关系 -[2018-9-29 00:13:39]
WARN - 列名OPERATION_TIME 类型TIMESTAMP(6) 参数11,6 不为空 没有找到对应关系 -[2018-9-29 00:13:39]
WARN - 列名LASTOVERHAULTIME 类型TIMESTAMP(6) 参数11,6 不为空 没有找到对应关系 -[2018-9-29 00:13:39]
WARN - 列名LOGIN_TIME 类型TIMESTAMP(6) 参数11,6 不为空 没有找到对应关系 -[2018-9-29 00:13:39]
WARN - 列名LOGOUT_TIME 类型TIMESTAMP(6) 参数11,6 不为空 没有找到对应关系 -[2018-9-29 00:13:39]
INFO - 开始生成表：SAS_STANDARD_DB_LOG_201712对应JavaBean -[2018-9-29 00:13:39]
WARN - 列名RECORD_TIME 类型TIMESTAMP(6) 参数11,6 不为空 没有找到对应关系 -[2018-9-29 00:13:39]
WARN - 列名OPERATION_TIME 类型TIMESTAMP(6) 参数11,6 不为空 没有找到对应关系 -[2018-9-29 00:13:39]
WARN - 列名LASTOVERHAULTIME 类型TIMESTAMP(6) 参数11,6 不为空 没有找到对应关系 -[2018-9-29 00:13:39]
WARN - 列名LOGIN_TIME 类型TIMESTAMP(6) 参数11,6 不为空 没有找到对应关系 -[2018-9-29 00:13:39]
WARN - 列名LOGOUT_TIME 类型TIMESTAMP(6) 参数11,6 不为空 没有找到对应关系 -[2018-9-29 00:13:39]
INFO - 开始生成表：SAS_STANDARD_DB_LOG_201801对应JavaBean -[2018-9-29 00:13:39]
WARN - 列名RECORD_TIME 类型TIMESTAMP(6) 参数11,6 不为空 没有找到对应关系 -[2018-9-29 00:13:39]
WARN - 列名OPERATION_TIME 类型TIMESTAMP(6) 参数11,6 不为空 没有找到对应关系 -[2018-9-29 00:13:39]
WARN - 列名LASTOVERHAULTIME 类型TIMESTAMP(6) 参数11,6 不为空 没有找到对应关系 -[2018-9-29 00:13:39]
WARN - 列名LOGIN_TIME 类型TIMESTAMP(6) 参数11,6 不为空 没有找到对应关系 -[2018-9-29 00:13:39]
WARN - 列名LOGOUT_TIME 类型TIMESTAMP(6) 参数11,6 不为空 没有找到对应关系 -[2018-9-29 00:13:39]
INFO - 开始生成表：SAS_STANDARD_DB_LOG_201802对应JavaBean -[2018-9-29 00:13:39]
WARN - 列名RECORD_TIME 类型TIMESTAMP(6) 参数11,6 不为空 没有找到对应关系 -[2018-9-29 00:13:39]
WARN - 列名OPERATION_TIME 类型TIMESTAMP(6) 参数11,6 不为空 没有找到对应关系 -[2018-9-29 00:13:39]
WARN - 列名LASTOVERHAULTIME 类型TIMESTAMP(6) 参数11,6 不为空 没有找到对应关系 -[2018-9-29 00:13:39]
WARN - 列名LOGIN_TIME 类型TIMESTAMP(6) 参数11,6 不为空 没有找到对应关系 -[2018-9-29 00:13:39]
WARN - 列名LOGOUT_TIME 类型TIMESTAMP(6) 参数11,6 不为空 没有找到对应关系 -[2018-9-29 00:13:39]
INFO - 开始生成表：SAS_STANDARD_DB_LOG_201803对应JavaBean -[2018-9-29 00:13:39]
WARN - 列名RECORD_TIME 类型TIMESTAMP(6) 参数11,6 不为空 没有找到对应关系 -[2018-9-29 00:13:39]
WARN - 列名OPERATION_TIME 类型TIMESTAMP(6) 参数11,6 不为空 没有找到对应关系 -[2018-9-29 00:13:39]
WARN - 列名LASTOVERHAULTIME 类型TIMESTAMP(6) 参数11,6 不为空 没有找到对应关系 -[2018-9-29 00:13:39]
WARN - 列名LOGIN_TIME 类型TIMESTAMP(6) 参数11,6 不为空 没有找到对应关系 -[2018-9-29 00:13:39]
WARN - 列名LOGOUT_TIME 类型TIMESTAMP(6) 参数11,6 不为空 没有找到对应关系 -[2018-9-29 00:13:39]
INFO - 开始生成表：SAS_STANDARD_DB_LOG_201804对应JavaBean -[2018-9-29 00:13:39]
WARN - 列名RECORD_TIME 类型TIMESTAMP(6) 参数11,6 不为空 没有找到对应关系 -[2018-9-29 00:13:39]
WARN - 列名OPERATION_TIME 类型TIMESTAMP(6) 参数11,6 不为空 没有找到对应关系 -[2018-9-29 00:13:39]
WARN - 列名LASTOVERHAULTIME 类型TIMESTAMP(6) 参数11,6 不为空 没有找到对应关系 -[2018-9-29 00:13:39]
WARN - 列名LOGIN_TIME 类型TIMESTAMP(6) 参数11,6 不为空 没有找到对应关系 -[2018-9-29 00:13:39]
WARN - 列名LOGOUT_TIME 类型TIMESTAMP(6) 参数11,6 不为空 没有找到对应关系 -[2018-9-29 00:13:39]
INFO - 开始生成表：SAS_STANDARD_DB_LOG_201805对应JavaBean -[2018-9-29 00:13:39]
WARN - 列名RECORD_TIME 类型TIMESTAMP(6) 参数11,6 不为空 没有找到对应关系 -[2018-9-29 00:13:39]
WARN - 列名OPERATION_TIME 类型TIMESTAMP(6) 参数11,6 不为空 没有找到对应关系 -[2018-9-29 00:13:39]
WARN - 列名LASTOVERHAULTIME 类型TIMESTAMP(6) 参数11,6 不为空 没有找到对应关系 -[2018-9-29 00:13:39]
WARN - 列名LOGIN_TIME 类型TIMESTAMP(6) 参数11,6 不为空 没有找到对应关系 -[2018-9-29 00:13:39]
WARN - 列名LOGOUT_TIME 类型TIMESTAMP(6) 参数11,6 不为空 没有找到对应关系 -[2018-9-29 00:13:39]
INFO - 开始生成表：SAS_STANDARD_DB_LOG_201806对应JavaBean -[2018-9-29 00:13:39]
WARN - 列名RECORD_TIME 类型TIMESTAMP(6) 参数11,6 不为空 没有找到对应关系 -[2018-9-29 00:13:39]
WARN - 列名OPERATION_TIME 类型TIMESTAMP(6) 参数11,6 不为空 没有找到对应关系 -[2018-9-29 00:13:39]
WARN - 列名LASTOVERHAULTIME 类型TIMESTAMP(6) 参数11,6 不为空 没有找到对应关系 -[2018-9-29 00:13:39]
WARN - 列名LOGIN_TIME 类型TIMESTAMP(6) 参数11,6 不为空 没有找到对应关系 -[2018-9-29 00:13:39]
WARN - 列名LOGOUT_TIME 类型TIMESTAMP(6) 参数11,6 不为空 没有找到对应关系 -[2018-9-29 00:13:39]
INFO - 开始生成表：SAS_STANDARD_DB_LOG_201807对应JavaBean -[2018-9-29 00:13:39]
WARN - 列名RECORD_TIME 类型TIMESTAMP(6) 参数11,6 不为空 没有找到对应关系 -[2018-9-29 00:13:39]
WARN - 列名OPERATION_TIME 类型TIMESTAMP(6) 参数11,6 不为空 没有找到对应关系 -[2018-9-29 00:13:39]
WARN - 列名LASTOVERHAULTIME 类型TIMESTAMP(6) 参数11,6 不为空 没有找到对应关系 -[2018-9-29 00:13:39]
WARN - 列名LOGIN_TIME 类型TIMESTAMP(6) 参数11,6 不为空 没有找到对应关系 -[2018-9-29 00:13:39]
WARN - 列名LOGOUT_TIME 类型TIMESTAMP(6) 参数11,6 不为空 没有找到对应关系 -[2018-9-29 00:13:39]
INFO - 开始生成表：SAS_STANDARD_DB_LOG_201808对应JavaBean -[2018-9-29 00:13:39]
WARN - 列名RECORD_TIME 类型TIMESTAMP(6) 参数11,6 不为空 没有找到对应关系 -[2018-9-29 00:13:39]
WARN - 列名OPERATION_TIME 类型TIMESTAMP(6) 参数11,6 不为空 没有找到对应关系 -[2018-9-29 00:13:39]
WARN - 列名LASTOVERHAULTIME 类型TIMESTAMP(6) 参数11,6 不为空 没有找到对应关系 -[2018-9-29 00:13:39]
WARN - 列名LOGIN_TIME 类型TIMESTAMP(6) 参数11,6 不为空 没有找到对应关系 -[2018-9-29 00:13:39]
WARN - 列名LOGOUT_TIME 类型TIMESTAMP(6) 参数11,6 不为空 没有找到对应关系 -[2018-9-29 00:13:39]
INFO - 开始生成表：SAS_STANDARD_DB_LOG_201809对应JavaBean -[2018-9-29 00:13:39]
WARN - 列名RECORD_TIME 类型TIMESTAMP(6) 参数11,6 不为空 没有找到对应关系 -[2018-9-29 00:13:39]
WARN - 列名OPERATION_TIME 类型TIMESTAMP(6) 参数11,6 不为空 没有找到对应关系 -[2018-9-29 00:13:39]
WARN - 列名LASTOVERHAULTIME 类型TIMESTAMP(6) 参数11,6 不为空 没有找到对应关系 -[2018-9-29 00:13:39]
WARN - 列名LOGIN_TIME 类型TIMESTAMP(6) 参数11,6 不为空 没有找到对应关系 -[2018-9-29 00:13:39]
WARN - 列名LOGOUT_TIME 类型TIMESTAMP(6) 参数11,6 不为空 没有找到对应关系 -[2018-9-29 00:13:39]
INFO - 开始生成表：SAS_STANDARD_DB_LOG_201810对应JavaBean -[2018-9-29 00:13:39]
WARN - 列名RECORD_TIME 类型TIMESTAMP(6) 参数11,6 不为空 没有找到对应关系 -[2018-9-29 00:13:39]
WARN - 列名OPERATION_TIME 类型TIMESTAMP(6) 参数11,6 不为空 没有找到对应关系 -[2018-9-29 00:13:39]
WARN - 列名LASTOVERHAULTIME 类型TIMESTAMP(6) 参数11,6 不为空 没有找到对应关系 -[2018-9-29 00:13:39]
WARN - 列名LOGIN_TIME 类型TIMESTAMP(6) 参数11,6 不为空 没有找到对应关系 -[2018-9-29 00:13:39]
WARN - 列名LOGOUT_TIME 类型TIMESTAMP(6) 参数11,6 不为空 没有找到对应关系 -[2018-9-29 00:13:39]
INFO - 开始生成表：SAS_STANDARD_DB_LOG_201811对应JavaBean -[2018-9-29 00:13:39]
WARN - 列名RECORD_TIME 类型TIMESTAMP(6) 参数11,6 不为空 没有找到对应关系 -[2018-9-29 00:13:39]
WARN - 列名OPERATION_TIME 类型TIMESTAMP(6) 参数11,6 不为空 没有找到对应关系 -[2018-9-29 00:13:39]
WARN - 列名LASTOVERHAULTIME 类型TIMESTAMP(6) 参数11,6 不为空 没有找到对应关系 -[2018-9-29 00:13:39]
WARN - 列名LOGIN_TIME 类型TIMESTAMP(6) 参数11,6 不为空 没有找到对应关系 -[2018-9-29 00:13:39]
WARN - 列名LOGOUT_TIME 类型TIMESTAMP(6) 参数11,6 不为空 没有找到对应关系 -[2018-9-29 00:13:39]
INFO - 开始生成表：SAS_STANDARD_DB_LOG_201812对应JavaBean -[2018-9-29 00:13:39]
WARN - 列名RECORD_TIME 类型TIMESTAMP(6) 参数11,6 不为空 没有找到对应关系 -[2018-9-29 00:13:39]
WARN - 列名OPERATION_TIME 类型TIMESTAMP(6) 参数11,6 不为空 没有找到对应关系 -[2018-9-29 00:13:39]
WARN - 列名LASTOVERHAULTIME 类型TIMESTAMP(6) 参数11,6 不为空 没有找到对应关系 -[2018-9-29 00:13:39]
WARN - 列名LOGIN_TIME 类型TIMESTAMP(6) 参数11,6 不为空 没有找到对应关系 -[2018-9-29 00:13:39]
WARN - 列名LOGOUT_TIME 类型TIMESTAMP(6) 参数11,6 不为空 没有找到对应关系 -[2018-9-29 00:13:39]
INFO - 开始生成表：SAS_STANDARD_LOG_TYPE对应JavaBean -[2018-9-29 00:13:39]
INFO - 开始生成表：SAS_STATISTICAL_RULES对应JavaBean -[2018-9-29 00:13:39]
INFO - 开始生成表：SAS_STATISTICS_DAY_LOGIN_COUNT对应JavaBean -[2018-9-29 00:13:39]
INFO - 开始生成表：SAS_STATISTICS_DAY_LOGIN_USERS对应JavaBean -[2018-9-29 00:13:39]
INFO - 开始生成表：SAS_STATISTICS_SP_VISIT_COUNT对应JavaBean -[2018-9-29 00:13:39]
INFO - 开始生成表：USER_VERIFY对应JavaBean -[2018-9-29 00:13:39]
INFO - 结束生成JavaBean -[2018-9-29 00:13:42]
INFO - 开始生成JavaBean -[2018-9-29 00:15:23]
INFO - 开始生成表：USER_VERIFY对应JavaBean -[2018-9-29 00:15:23]
INFO - 结束生成JavaBean -[2018-9-29 00:15:24]
INFO - 开始生成JavaBean -[2018-9-29 00:26:19]
INFO - 开始生成表：act_evt_log对应JavaBean -[2018-9-29 00:26:19]
WARN - 列名LOG_NR_ 类型BIGINT 参数19 是主键 没有找到对应关系 -[2018-9-29 00:26:19]
WARN - 列名TYPE_ 类型VARCHAR 参数64 不为空 没有找到对应关系 -[2018-9-29 00:26:19]
WARN - 列名PROC_DEF_ID_ 类型VARCHAR 参数64 不为空 没有找到对应关系 -[2018-9-29 00:26:19]
WARN - 列名PROC_INST_ID_ 类型VARCHAR 参数64 不为空 没有找到对应关系 -[2018-9-29 00:26:19]
WARN - 列名EXECUTION_ID_ 类型VARCHAR 参数64 不为空 没有找到对应关系 -[2018-9-29 00:26:19]
WARN - 列名TASK_ID_ 类型VARCHAR 参数64 不为空 没有找到对应关系 -[2018-9-29 00:26:19]
WARN - 列名TIME_STAMP_ 类型TIMESTAMP 参数19 没有找到对应关系 -[2018-9-29 00:26:19]
WARN - 列名USER_ID_ 类型VARCHAR 参数255 不为空 没有找到对应关系 -[2018-9-29 00:26:19]
WARN - 列名DATA_ 类型LONGBLOB 参数2147483647 不为空 没有找到对应关系 -[2018-9-29 00:26:19]
WARN - 列名LOCK_OWNER_ 类型VARCHAR 参数255 不为空 没有找到对应关系 -[2018-9-29 00:26:19]
WARN - 列名LOCK_TIME_ 类型TIMESTAMP 参数19 不为空 没有找到对应关系 -[2018-9-29 00:26:19]
WARN - 列名IS_PROCESSED_ 类型TINYINT 参数3 不为空 没有找到对应关系 -[2018-9-29 00:26:19]
INFO - 开始生成表：act_ge_bytearray对应JavaBean -[2018-9-29 00:26:19]
WARN - 列名ID_ 类型VARCHAR 参数64 是主键 没有找到对应关系 -[2018-9-29 00:26:19]
WARN - 列名REV_ 类型INT 参数10 不为空 没有找到对应关系 -[2018-9-29 00:26:19]
WARN - 列名NAME_ 类型VARCHAR 参数255 不为空 没有找到对应关系 -[2018-9-29 00:26:19]
WARN - 列名BYTES_ 类型LONGBLOB 参数2147483647 不为空 没有找到对应关系 -[2018-9-29 00:26:19]
WARN - 列名GENERATED_ 类型TINYINT 参数3 不为空 没有找到对应关系 -[2018-9-29 00:26:19]
INFO - 开始生成表：act_ge_property对应JavaBean -[2018-9-29 00:26:19]
WARN - 列名NAME_ 类型VARCHAR 参数64 是主键 没有找到对应关系 -[2018-9-29 00:26:19]
WARN - 列名VALUE_ 类型VARCHAR 参数300 不为空 没有找到对应关系 -[2018-9-29 00:26:19]
WARN - 列名REV_ 类型INT 参数10 不为空 没有找到对应关系 -[2018-9-29 00:26:19]
INFO - 开始生成表：act_hi_actinst对应JavaBean -[2018-9-29 00:26:19]
WARN - 列名ID_ 类型VARCHAR 参数64 是主键 没有找到对应关系 -[2018-9-29 00:26:19]
WARN - 列名PROC_DEF_ID_ 类型VARCHAR 参数64 没有找到对应关系 -[2018-9-29 00:26:19]
WARN - 列名PROC_INST_ID_ 类型VARCHAR 参数64 没有找到对应关系 -[2018-9-29 00:26:19]
WARN - 列名EXECUTION_ID_ 类型VARCHAR 参数64 没有找到对应关系 -[2018-9-29 00:26:19]
WARN - 列名ACT_ID_ 类型VARCHAR 参数255 没有找到对应关系 -[2018-9-29 00:26:19]
WARN - 列名TASK_ID_ 类型VARCHAR 参数64 不为空 没有找到对应关系 -[2018-9-29 00:26:19]
WARN - 列名CALL_PROC_INST_ID_ 类型VARCHAR 参数64 不为空 没有找到对应关系 -[2018-9-29 00:26:19]
WARN - 列名ACT_NAME_ 类型VARCHAR 参数255 不为空 没有找到对应关系 -[2018-9-29 00:26:19]
WARN - 列名ACT_TYPE_ 类型VARCHAR 参数255 没有找到对应关系 -[2018-9-29 00:26:19]
WARN - 列名ASSIGNEE_ 类型VARCHAR 参数255 不为空 没有找到对应关系 -[2018-9-29 00:26:19]
WARN - 列名START_TIME_ 类型DATETIME 参数19 没有找到对应关系 -[2018-9-29 00:26:19]
WARN - 列名END_TIME_ 类型DATETIME 参数19 不为空 没有找到对应关系 -[2018-9-29 00:26:19]
WARN - 列名DURATION_ 类型BIGINT 参数19 不为空 没有找到对应关系 -[2018-9-29 00:26:19]
WARN - 列名DELETE_REASON_ 类型VARCHAR 参数4000 不为空 没有找到对应关系 -[2018-9-29 00:26:19]
WARN - 列名TENANT_ID_ 类型VARCHAR 参数255 不为空 没有找到对应关系 -[2018-9-29 00:26:19]
INFO - 开始生成表：act_hi_attachment对应JavaBean -[2018-9-29 00:26:19]
WARN - 列名ID_ 类型VARCHAR 参数64 是主键 没有找到对应关系 -[2018-9-29 00:26:19]
WARN - 列名REV_ 类型INT 参数10 不为空 没有找到对应关系 -[2018-9-29 00:26:19]
WARN - 列名USER_ID_ 类型VARCHAR 参数255 不为空 没有找到对应关系 -[2018-9-29 00:26:19]
WARN - 列名NAME_ 类型VARCHAR 参数255 不为空 没有找到对应关系 -[2018-9-29 00:26:19]
WARN - 列名DESCRIPTION_ 类型VARCHAR 参数4000 不为空 没有找到对应关系 -[2018-9-29 00:26:19]
WARN - 列名TYPE_ 类型VARCHAR 参数255 不为空 没有找到对应关系 -[2018-9-29 00:26:19]
WARN - 列名TASK_ID_ 类型VARCHAR 参数64 不为空 没有找到对应关系 -[2018-9-29 00:26:19]
WARN - 列名PROC_INST_ID_ 类型VARCHAR 参数64 不为空 没有找到对应关系 -[2018-9-29 00:26:19]
WARN - 列名URL_ 类型VARCHAR 参数4000 不为空 没有找到对应关系 -[2018-9-29 00:26:19]
WARN - 列名CONTENT_ID_ 类型VARCHAR 参数64 不为空 没有找到对应关系 -[2018-9-29 00:26:19]
WARN - 列名TIME_ 类型DATETIME 参数19 不为空 没有找到对应关系 -[2018-9-29 00:26:19]
INFO - 开始生成表：act_hi_comment对应JavaBean -[2018-9-29 00:26:19]
WARN - 列名ID_ 类型VARCHAR 参数64 是主键 没有找到对应关系 -[2018-9-29 00:26:19]
WARN - 列名TYPE_ 类型VARCHAR 参数255 不为空 没有找到对应关系 -[2018-9-29 00:26:19]
WARN - 列名TIME_ 类型DATETIME 参数19 没有找到对应关系 -[2018-9-29 00:26:19]
WARN - 列名USER_ID_ 类型VARCHAR 参数255 不为空 没有找到对应关系 -[2018-9-29 00:26:19]
WARN - 列名TASK_ID_ 类型VARCHAR 参数64 不为空 没有找到对应关系 -[2018-9-29 00:26:19]
WARN - 列名PROC_INST_ID_ 类型VARCHAR 参数64 不为空 没有找到对应关系 -[2018-9-29 00:26:19]
WARN - 列名ACTION_ 类型VARCHAR 参数255 不为空 没有找到对应关系 -[2018-9-29 00:26:19]
WARN - 列名MESSAGE_ 类型VARCHAR 参数4000 不为空 没有找到对应关系 -[2018-9-29 00:26:19]
WARN - 列名FULL_MSG_ 类型LONGBLOB 参数2147483647 不为空 没有找到对应关系 -[2018-9-29 00:26:19]
INFO - 开始生成表：act_hi_detail对应JavaBean -[2018-9-29 00:26:19]
WARN - 列名ID_ 类型VARCHAR 参数64 是主键 没有找到对应关系 -[2018-9-29 00:26:19]
WARN - 列名TYPE_ 类型VARCHAR 参数255 没有找到对应关系 -[2018-9-29 00:26:19]
WARN - 列名PROC_INST_ID_ 类型VARCHAR 参数64 不为空 没有找到对应关系 -[2018-9-29 00:26:19]
WARN - 列名EXECUTION_ID_ 类型VARCHAR 参数64 不为空 没有找到对应关系 -[2018-9-29 00:26:19]
WARN - 列名TASK_ID_ 类型VARCHAR 参数64 不为空 没有找到对应关系 -[2018-9-29 00:26:19]
WARN - 列名ACT_INST_ID_ 类型VARCHAR 参数64 不为空 没有找到对应关系 -[2018-9-29 00:26:19]
WARN - 列名NAME_ 类型VARCHAR 参数255 没有找到对应关系 -[2018-9-29 00:26:19]
WARN - 列名VAR_TYPE_ 类型VARCHAR 参数255 不为空 没有找到对应关系 -[2018-9-29 00:26:19]
WARN - 列名REV_ 类型INT 参数10 不为空 没有找到对应关系 -[2018-9-29 00:26:19]
WARN - 列名TIME_ 类型DATETIME 参数19 没有找到对应关系 -[2018-9-29 00:26:19]
WARN - 列名BYTEARRAY_ID_ 类型VARCHAR 参数64 不为空 没有找到对应关系 -[2018-9-29 00:26:19]
WARN - 列名DOUBLE_ 类型DOUBLE 参数22 不为空 没有找到对应关系 -[2018-9-29 00:26:19]
WARN - 列名LONG_ 类型BIGINT 参数19 不为空 没有找到对应关系 -[2018-9-29 00:26:19]
WARN - 列名TEXT_ 类型VARCHAR 参数4000 不为空 没有找到对应关系 -[2018-9-29 00:26:19]
WARN - 列名TEXT2_ 类型VARCHAR 参数4000 不为空 没有找到对应关系 -[2018-9-29 00:26:19]
INFO - 开始生成表：act_hi_identitylink对应JavaBean -[2018-9-29 00:26:19]
WARN - 列名ID_ 类型VARCHAR 参数64 是主键 没有找到对应关系 -[2018-9-29 00:26:19]
WARN - 列名GROUP_ID_ 类型VARCHAR 参数255 不为空 没有找到对应关系 -[2018-9-29 00:26:19]
WARN - 列名TYPE_ 类型VARCHAR 参数255 不为空 没有找到对应关系 -[2018-9-29 00:26:19]
WARN - 列名USER_ID_ 类型VARCHAR 参数255 不为空 没有找到对应关系 -[2018-9-29 00:26:19]
WARN - 列名TASK_ID_ 类型VARCHAR 参数64 不为空 没有找到对应关系 -[2018-9-29 00:26:19]
WARN - 列名PROC_INST_ID_ 类型VARCHAR 参数64 不为空 没有找到对应关系 -[2018-9-29 00:26:19]
INFO - 开始生成表：act_hi_procinst对应JavaBean -[2018-9-29 00:26:19]
WARN - 列名ID_ 类型VARCHAR 参数64 是主键 没有找到对应关系 -[2018-9-29 00:26:19]
WARN - 列名PROC_INST_ID_ 类型VARCHAR 参数64 没有找到对应关系 -[2018-9-29 00:26:19]
WARN - 列名BUSINESS_KEY_ 类型VARCHAR 参数255 不为空 没有找到对应关系 -[2018-9-29 00:26:19]
WARN - 列名PROC_DEF_ID_ 类型VARCHAR 参数64 没有找到对应关系 -[2018-9-29 00:26:19]
WARN - 列名START_TIME_ 类型DATETIME 参数19 没有找到对应关系 -[2018-9-29 00:26:19]
WARN - 列名END_TIME_ 类型DATETIME 参数19 不为空 没有找到对应关系 -[2018-9-29 00:26:19]
WARN - 列名DURATION_ 类型BIGINT 参数19 不为空 没有找到对应关系 -[2018-9-29 00:26:19]
WARN - 列名START_USER_ID_ 类型VARCHAR 参数255 不为空 没有找到对应关系 -[2018-9-29 00:26:19]
WARN - 列名START_ACT_ID_ 类型VARCHAR 参数255 不为空 没有找到对应关系 -[2018-9-29 00:26:19]
WARN - 列名END_ACT_ID_ 类型VARCHAR 参数255 不为空 没有找到对应关系 -[2018-9-29 00:26:19]
WARN - 列名SUPER_PROCESS_INSTANCE_ID_ 类型VARCHAR 参数64 不为空 没有找到对应关系 -[2018-9-29 00:26:19]
WARN - 列名DELETE_REASON_ 类型VARCHAR 参数4000 不为空 没有找到对应关系 -[2018-9-29 00:26:19]
WARN - 列名TENANT_ID_ 类型VARCHAR 参数255 不为空 没有找到对应关系 -[2018-9-29 00:26:19]
WARN - 列名NAME_ 类型VARCHAR 参数255 不为空 没有找到对应关系 -[2018-9-29 00:26:19]
INFO - 开始生成表：act_hi_taskinst对应JavaBean -[2018-9-29 00:26:19]
WARN - 列名ID_ 类型VARCHAR 参数64 是主键 没有找到对应关系 -[2018-9-29 00:26:19]
WARN - 列名PROC_DEF_ID_ 类型VARCHAR 参数64 不为空 没有找到对应关系 -[2018-9-29 00:26:19]
WARN - 列名TASK_DEF_KEY_ 类型VARCHAR 参数255 不为空 没有找到对应关系 -[2018-9-29 00:26:19]
WARN - 列名PROC_INST_ID_ 类型VARCHAR 参数64 不为空 没有找到对应关系 -[2018-9-29 00:26:19]
WARN - 列名EXECUTION_ID_ 类型VARCHAR 参数64 不为空 没有找到对应关系 -[2018-9-29 00:26:19]
WARN - 列名NAME_ 类型VARCHAR 参数255 不为空 没有找到对应关系 -[2018-9-29 00:26:19]
WARN - 列名PARENT_TASK_ID_ 类型VARCHAR 参数64 不为空 没有找到对应关系 -[2018-9-29 00:26:19]
WARN - 列名DESCRIPTION_ 类型VARCHAR 参数4000 不为空 没有找到对应关系 -[2018-9-29 00:26:19]
WARN - 列名OWNER_ 类型VARCHAR 参数255 不为空 没有找到对应关系 -[2018-9-29 00:26:19]
WARN - 列名ASSIGNEE_ 类型VARCHAR 参数255 不为空 没有找到对应关系 -[2018-9-29 00:26:19]
WARN - 列名START_TIME_ 类型DATETIME 参数19 没有找到对应关系 -[2018-9-29 00:26:19]
WARN - 列名CLAIM_TIME_ 类型DATETIME 参数19 不为空 没有找到对应关系 -[2018-9-29 00:26:19]
WARN - 列名END_TIME_ 类型DATETIME 参数19 不为空 没有找到对应关系 -[2018-9-29 00:26:19]
WARN - 列名DURATION_ 类型BIGINT 参数19 不为空 没有找到对应关系 -[2018-9-29 00:26:19]
WARN - 列名DELETE_REASON_ 类型VARCHAR 参数4000 不为空 没有找到对应关系 -[2018-9-29 00:26:19]
WARN - 列名PRIORITY_ 类型INT 参数10 不为空 没有找到对应关系 -[2018-9-29 00:26:19]
WARN - 列名DUE_DATE_ 类型DATETIME 参数19 不为空 没有找到对应关系 -[2018-9-29 00:26:19]
WARN - 列名FORM_KEY_ 类型VARCHAR 参数255 不为空 没有找到对应关系 -[2018-9-29 00:26:19]
WARN - 列名CATEGORY_ 类型VARCHAR 参数255 不为空 没有找到对应关系 -[2018-9-29 00:26:19]
WARN - 列名TENANT_ID_ 类型VARCHAR 参数255 不为空 没有找到对应关系 -[2018-9-29 00:26:19]
INFO - 开始生成表：act_hi_varinst对应JavaBean -[2018-9-29 00:26:19]
WARN - 列名ID_ 类型VARCHAR 参数64 是主键 没有找到对应关系 -[2018-9-29 00:26:19]
WARN - 列名PROC_INST_ID_ 类型VARCHAR 参数64 不为空 没有找到对应关系 -[2018-9-29 00:26:19]
WARN - 列名EXECUTION_ID_ 类型VARCHAR 参数64 不为空 没有找到对应关系 -[2018-9-29 00:26:19]
WARN - 列名TASK_ID_ 类型VARCHAR 参数64 不为空 没有找到对应关系 -[2018-9-29 00:26:19]
WARN - 列名NAME_ 类型VARCHAR 参数255 没有找到对应关系 -[2018-9-29 00:26:19]
WARN - 列名VAR_TYPE_ 类型VARCHAR 参数100 不为空 没有找到对应关系 -[2018-9-29 00:26:19]
WARN - 列名REV_ 类型INT 参数10 不为空 没有找到对应关系 -[2018-9-29 00:26:19]
WARN - 列名BYTEARRAY_ID_ 类型VARCHAR 参数64 不为空 没有找到对应关系 -[2018-9-29 00:26:19]
WARN - 列名DOUBLE_ 类型DOUBLE 参数22 不为空 没有找到对应关系 -[2018-9-29 00:26:19]
WARN - 列名LONG_ 类型BIGINT 参数19 不为空 没有找到对应关系 -[2018-9-29 00:26:19]
WARN - 列名TEXT_ 类型VARCHAR 参数4000 不为空 没有找到对应关系 -[2018-9-29 00:26:19]
WARN - 列名TEXT2_ 类型VARCHAR 参数4000 不为空 没有找到对应关系 -[2018-9-29 00:26:19]
WARN - 列名CREATE_TIME_ 类型DATETIME 参数19 不为空 没有找到对应关系 -[2018-9-29 00:26:19]
WARN - 列名LAST_UPDATED_TIME_ 类型DATETIME 参数19 不为空 没有找到对应关系 -[2018-9-29 00:26:19]
INFO - 开始生成表：act_id_group对应JavaBean -[2018-9-29 00:26:19]
WARN - 列名ID_ 类型VARCHAR 参数64 是主键 没有找到对应关系 -[2018-9-29 00:26:19]
WARN - 列名REV_ 类型INT 参数10 不为空 没有找到对应关系 -[2018-9-29 00:26:19]
WARN - 列名NAME_ 类型VARCHAR 参数255 不为空 没有找到对应关系 -[2018-9-29 00:26:19]
WARN - 列名TYPE_ 类型VARCHAR 参数255 不为空 没有找到对应关系 -[2018-9-29 00:26:19]
INFO - 开始生成表：act_id_info对应JavaBean -[2018-9-29 00:26:19]
WARN - 列名ID_ 类型VARCHAR 参数64 是主键 没有找到对应关系 -[2018-9-29 00:26:19]
WARN - 列名REV_ 类型INT 参数10 不为空 没有找到对应关系 -[2018-9-29 00:26:19]
WARN - 列名USER_ID_ 类型VARCHAR 参数64 不为空 没有找到对应关系 -[2018-9-29 00:26:19]
WARN - 列名TYPE_ 类型VARCHAR 参数64 不为空 没有找到对应关系 -[2018-9-29 00:26:19]
WARN - 列名KEY_ 类型VARCHAR 参数255 不为空 没有找到对应关系 -[2018-9-29 00:26:19]
WARN - 列名VALUE_ 类型VARCHAR 参数255 不为空 没有找到对应关系 -[2018-9-29 00:26:19]
WARN - 列名PASSWORD_ 类型LONGBLOB 参数2147483647 不为空 没有找到对应关系 -[2018-9-29 00:26:19]
WARN - 列名PARENT_ID_ 类型VARCHAR 参数255 不为空 没有找到对应关系 -[2018-9-29 00:26:19]
INFO - 开始生成表：act_id_membership对应JavaBean -[2018-9-29 00:26:19]
INFO - 开始生成表：act_id_user对应JavaBean -[2018-9-29 00:26:19]
WARN - 列名ID_ 类型VARCHAR 参数64 是主键 没有找到对应关系 -[2018-9-29 00:26:19]
WARN - 列名REV_ 类型INT 参数10 不为空 没有找到对应关系 -[2018-9-29 00:26:19]
WARN - 列名FIRST_ 类型VARCHAR 参数255 不为空 没有找到对应关系 -[2018-9-29 00:26:19]
WARN - 列名LAST_ 类型VARCHAR 参数255 不为空 没有找到对应关系 -[2018-9-29 00:26:19]
WARN - 列名EMAIL_ 类型VARCHAR 参数255 不为空 没有找到对应关系 -[2018-9-29 00:26:19]
WARN - 列名PWD_ 类型VARCHAR 参数255 不为空 没有找到对应关系 -[2018-9-29 00:26:19]
WARN - 列名PICTURE_ID_ 类型VARCHAR 参数64 不为空 没有找到对应关系 -[2018-9-29 00:26:19]
INFO - 开始生成表：act_procdef_info对应JavaBean -[2018-9-29 00:26:19]
WARN - 列名ID_ 类型VARCHAR 参数64 是主键 没有找到对应关系 -[2018-9-29 00:26:19]
WARN - 列名REV_ 类型INT 参数10 不为空 没有找到对应关系 -[2018-9-29 00:26:19]
INFO - 开始生成表：act_re_deployment对应JavaBean -[2018-9-29 00:26:19]
WARN - 列名ID_ 类型VARCHAR 参数64 是主键 没有找到对应关系 -[2018-9-29 00:26:19]
WARN - 列名NAME_ 类型VARCHAR 参数255 不为空 没有找到对应关系 -[2018-9-29 00:26:19]
WARN - 列名CATEGORY_ 类型VARCHAR 参数255 不为空 没有找到对应关系 -[2018-9-29 00:26:19]
WARN - 列名KEY_ 类型VARCHAR 参数255 不为空 没有找到对应关系 -[2018-9-29 00:26:19]
WARN - 列名TENANT_ID_ 类型VARCHAR 参数255 不为空 没有找到对应关系 -[2018-9-29 00:26:19]
WARN - 列名DEPLOY_TIME_ 类型TIMESTAMP 参数19 不为空 没有找到对应关系 -[2018-9-29 00:26:19]
WARN - 列名ENGINE_VERSION_ 类型VARCHAR 参数255 不为空 没有找到对应关系 -[2018-9-29 00:26:19]
INFO - 开始生成表：act_re_model对应JavaBean -[2018-9-29 00:26:19]
WARN - 列名ID_ 类型VARCHAR 参数64 是主键 没有找到对应关系 -[2018-9-29 00:26:19]
WARN - 列名REV_ 类型INT 参数10 不为空 没有找到对应关系 -[2018-9-29 00:26:19]
WARN - 列名NAME_ 类型VARCHAR 参数255 不为空 没有找到对应关系 -[2018-9-29 00:26:19]
WARN - 列名KEY_ 类型VARCHAR 参数255 不为空 没有找到对应关系 -[2018-9-29 00:26:19]
WARN - 列名CATEGORY_ 类型VARCHAR 参数255 不为空 没有找到对应关系 -[2018-9-29 00:26:19]
WARN - 列名CREATE_TIME_ 类型TIMESTAMP 参数19 不为空 没有找到对应关系 -[2018-9-29 00:26:19]
WARN - 列名LAST_UPDATE_TIME_ 类型TIMESTAMP 参数19 不为空 没有找到对应关系 -[2018-9-29 00:26:19]
WARN - 列名VERSION_ 类型INT 参数10 不为空 没有找到对应关系 -[2018-9-29 00:26:19]
WARN - 列名META_INFO_ 类型VARCHAR 参数4000 不为空 没有找到对应关系 -[2018-9-29 00:26:19]
WARN - 列名TENANT_ID_ 类型VARCHAR 参数255 不为空 没有找到对应关系 -[2018-9-29 00:26:19]
INFO - 开始生成表：act_re_procdef对应JavaBean -[2018-9-29 00:26:19]
WARN - 列名ID_ 类型VARCHAR 参数64 是主键 没有找到对应关系 -[2018-9-29 00:26:19]
WARN - 列名REV_ 类型INT 参数10 不为空 没有找到对应关系 -[2018-9-29 00:26:19]
WARN - 列名CATEGORY_ 类型VARCHAR 参数255 不为空 没有找到对应关系 -[2018-9-29 00:26:19]
WARN - 列名NAME_ 类型VARCHAR 参数255 不为空 没有找到对应关系 -[2018-9-29 00:26:19]
WARN - 列名KEY_ 类型VARCHAR 参数255 没有找到对应关系 -[2018-9-29 00:26:19]
WARN - 列名VERSION_ 类型INT 参数10 没有找到对应关系 -[2018-9-29 00:26:19]
WARN - 列名DEPLOYMENT_ID_ 类型VARCHAR 参数64 不为空 没有找到对应关系 -[2018-9-29 00:26:19]
WARN - 列名RESOURCE_NAME_ 类型VARCHAR 参数4000 不为空 没有找到对应关系 -[2018-9-29 00:26:19]
WARN - 列名DGRM_RESOURCE_NAME_ 类型VARCHAR 参数4000 不为空 没有找到对应关系 -[2018-9-29 00:26:19]
WARN - 列名DESCRIPTION_ 类型VARCHAR 参数4000 不为空 没有找到对应关系 -[2018-9-29 00:26:19]
WARN - 列名HAS_START_FORM_KEY_ 类型TINYINT 参数3 不为空 没有找到对应关系 -[2018-9-29 00:26:19]
WARN - 列名HAS_GRAPHICAL_NOTATION_ 类型TINYINT 参数3 不为空 没有找到对应关系 -[2018-9-29 00:26:19]
WARN - 列名SUSPENSION_STATE_ 类型INT 参数10 不为空 没有找到对应关系 -[2018-9-29 00:26:19]
WARN - 列名TENANT_ID_ 类型VARCHAR 参数255 不为空 没有找到对应关系 -[2018-9-29 00:26:19]
WARN - 列名ENGINE_VERSION_ 类型VARCHAR 参数255 不为空 没有找到对应关系 -[2018-9-29 00:26:19]
INFO - 开始生成表：act_ru_deadletter_job对应JavaBean -[2018-9-29 00:26:19]
WARN - 列名ID_ 类型VARCHAR 参数64 是主键 没有找到对应关系 -[2018-9-29 00:26:19]
WARN - 列名REV_ 类型INT 参数10 不为空 没有找到对应关系 -[2018-9-29 00:26:19]
WARN - 列名TYPE_ 类型VARCHAR 参数255 没有找到对应关系 -[2018-9-29 00:26:19]
WARN - 列名EXCLUSIVE_ 类型TINYINT 参数3 不为空 没有找到对应关系 -[2018-9-29 00:26:19]
WARN - 列名EXCEPTION_MSG_ 类型VARCHAR 参数4000 不为空 没有找到对应关系 -[2018-9-29 00:26:19]
WARN - 列名DUEDATE_ 类型TIMESTAMP 参数19 不为空 没有找到对应关系 -[2018-9-29 00:26:19]
WARN - 列名REPEAT_ 类型VARCHAR 参数255 不为空 没有找到对应关系 -[2018-9-29 00:26:19]
WARN - 列名HANDLER_TYPE_ 类型VARCHAR 参数255 不为空 没有找到对应关系 -[2018-9-29 00:26:19]
WARN - 列名HANDLER_CFG_ 类型VARCHAR 参数4000 不为空 没有找到对应关系 -[2018-9-29 00:26:19]
WARN - 列名TENANT_ID_ 类型VARCHAR 参数255 不为空 没有找到对应关系 -[2018-9-29 00:26:19]
INFO - 开始生成表：act_ru_event_subscr对应JavaBean -[2018-9-29 00:26:19]
WARN - 列名ID_ 类型VARCHAR 参数64 是主键 没有找到对应关系 -[2018-9-29 00:26:19]
WARN - 列名REV_ 类型INT 参数10 不为空 没有找到对应关系 -[2018-9-29 00:26:19]
WARN - 列名EVENT_TYPE_ 类型VARCHAR 参数255 没有找到对应关系 -[2018-9-29 00:26:19]
WARN - 列名EVENT_NAME_ 类型VARCHAR 参数255 不为空 没有找到对应关系 -[2018-9-29 00:26:19]
WARN - 列名PROC_INST_ID_ 类型VARCHAR 参数64 不为空 没有找到对应关系 -[2018-9-29 00:26:19]
WARN - 列名ACTIVITY_ID_ 类型VARCHAR 参数64 不为空 没有找到对应关系 -[2018-9-29 00:26:19]
WARN - 列名CONFIGURATION_ 类型VARCHAR 参数255 不为空 没有找到对应关系 -[2018-9-29 00:26:19]
WARN - 列名CREATED_ 类型TIMESTAMP 参数19 没有找到对应关系 -[2018-9-29 00:26:19]
WARN - 列名PROC_DEF_ID_ 类型VARCHAR 参数64 不为空 没有找到对应关系 -[2018-9-29 00:26:19]
WARN - 列名TENANT_ID_ 类型VARCHAR 参数255 不为空 没有找到对应关系 -[2018-9-29 00:26:19]
INFO - 开始生成表：act_ru_execution对应JavaBean -[2018-9-29 00:26:19]
WARN - 列名ID_ 类型VARCHAR 参数64 是主键 没有找到对应关系 -[2018-9-29 00:26:19]
WARN - 列名REV_ 类型INT 参数10 不为空 没有找到对应关系 -[2018-9-29 00:26:19]
WARN - 列名BUSINESS_KEY_ 类型VARCHAR 参数255 不为空 没有找到对应关系 -[2018-9-29 00:26:19]
WARN - 列名ROOT_PROC_INST_ID_ 类型VARCHAR 参数64 不为空 没有找到对应关系 -[2018-9-29 00:26:19]
WARN - 列名ACT_ID_ 类型VARCHAR 参数255 不为空 没有找到对应关系 -[2018-9-29 00:26:19]
WARN - 列名IS_ACTIVE_ 类型TINYINT 参数3 不为空 没有找到对应关系 -[2018-9-29 00:26:19]
WARN - 列名IS_CONCURRENT_ 类型TINYINT 参数3 不为空 没有找到对应关系 -[2018-9-29 00:26:19]
WARN - 列名IS_SCOPE_ 类型TINYINT 参数3 不为空 没有找到对应关系 -[2018-9-29 00:26:19]
WARN - 列名IS_EVENT_SCOPE_ 类型TINYINT 参数3 不为空 没有找到对应关系 -[2018-9-29 00:26:19]
WARN - 列名IS_MI_ROOT_ 类型TINYINT 参数3 不为空 没有找到对应关系 -[2018-9-29 00:26:19]
WARN - 列名SUSPENSION_STATE_ 类型INT 参数10 不为空 没有找到对应关系 -[2018-9-29 00:26:19]
WARN - 列名CACHED_ENT_STATE_ 类型INT 参数10 不为空 没有找到对应关系 -[2018-9-29 00:26:19]
WARN - 列名TENANT_ID_ 类型VARCHAR 参数255 不为空 没有找到对应关系 -[2018-9-29 00:26:19]
WARN - 列名NAME_ 类型VARCHAR 参数255 不为空 没有找到对应关系 -[2018-9-29 00:26:19]
WARN - 列名START_TIME_ 类型DATETIME 参数19 不为空 没有找到对应关系 -[2018-9-29 00:26:19]
WARN - 列名START_USER_ID_ 类型VARCHAR 参数255 不为空 没有找到对应关系 -[2018-9-29 00:26:19]
WARN - 列名LOCK_TIME_ 类型TIMESTAMP 参数19 不为空 没有找到对应关系 -[2018-9-29 00:26:19]
WARN - 列名IS_COUNT_ENABLED_ 类型TINYINT 参数3 不为空 没有找到对应关系 -[2018-9-29 00:26:19]
WARN - 列名EVT_SUBSCR_COUNT_ 类型INT 参数10 不为空 没有找到对应关系 -[2018-9-29 00:26:19]
WARN - 列名TASK_COUNT_ 类型INT 参数10 不为空 没有找到对应关系 -[2018-9-29 00:26:19]
WARN - 列名JOB_COUNT_ 类型INT 参数10 不为空 没有找到对应关系 -[2018-9-29 00:26:19]
WARN - 列名TIMER_JOB_COUNT_ 类型INT 参数10 不为空 没有找到对应关系 -[2018-9-29 00:26:19]
WARN - 列名SUSP_JOB_COUNT_ 类型INT 参数10 不为空 没有找到对应关系 -[2018-9-29 00:26:19]
WARN - 列名DEADLETTER_JOB_COUNT_ 类型INT 参数10 不为空 没有找到对应关系 -[2018-9-29 00:26:19]
WARN - 列名VAR_COUNT_ 类型INT 参数10 不为空 没有找到对应关系 -[2018-9-29 00:26:19]
WARN - 列名ID_LINK_COUNT_ 类型INT 参数10 不为空 没有找到对应关系 -[2018-9-29 00:26:19]
INFO - 开始生成表：act_ru_identitylink对应JavaBean -[2018-9-29 00:26:19]
WARN - 列名ID_ 类型VARCHAR 参数64 是主键 没有找到对应关系 -[2018-9-29 00:26:19]
WARN - 列名REV_ 类型INT 参数10 不为空 没有找到对应关系 -[2018-9-29 00:26:19]
WARN - 列名GROUP_ID_ 类型VARCHAR 参数255 不为空 没有找到对应关系 -[2018-9-29 00:26:19]
WARN - 列名TYPE_ 类型VARCHAR 参数255 不为空 没有找到对应关系 -[2018-9-29 00:26:19]
WARN - 列名USER_ID_ 类型VARCHAR 参数255 不为空 没有找到对应关系 -[2018-9-29 00:26:19]
INFO - 开始生成表：act_ru_job对应JavaBean -[2018-9-29 00:26:19]
WARN - 列名ID_ 类型VARCHAR 参数64 是主键 没有找到对应关系 -[2018-9-29 00:26:19]
WARN - 列名REV_ 类型INT 参数10 不为空 没有找到对应关系 -[2018-9-29 00:26:19]
WARN - 列名TYPE_ 类型VARCHAR 参数255 没有找到对应关系 -[2018-9-29 00:26:19]
WARN - 列名LOCK_EXP_TIME_ 类型TIMESTAMP 参数19 不为空 没有找到对应关系 -[2018-9-29 00:26:19]
WARN - 列名LOCK_OWNER_ 类型VARCHAR 参数255 不为空 没有找到对应关系 -[2018-9-29 00:26:19]
WARN - 列名EXCLUSIVE_ 类型TINYINT 参数3 不为空 没有找到对应关系 -[2018-9-29 00:26:19]
WARN - 列名RETRIES_ 类型INT 参数10 不为空 没有找到对应关系 -[2018-9-29 00:26:19]
WARN - 列名EXCEPTION_MSG_ 类型VARCHAR 参数4000 不为空 没有找到对应关系 -[2018-9-29 00:26:19]
WARN - 列名DUEDATE_ 类型TIMESTAMP 参数19 不为空 没有找到对应关系 -[2018-9-29 00:26:19]
WARN - 列名REPEAT_ 类型VARCHAR 参数255 不为空 没有找到对应关系 -[2018-9-29 00:26:19]
WARN - 列名HANDLER_TYPE_ 类型VARCHAR 参数255 不为空 没有找到对应关系 -[2018-9-29 00:26:19]
WARN - 列名HANDLER_CFG_ 类型VARCHAR 参数4000 不为空 没有找到对应关系 -[2018-9-29 00:26:19]
WARN - 列名TENANT_ID_ 类型VARCHAR 参数255 不为空 没有找到对应关系 -[2018-9-29 00:26:19]
INFO - 开始生成表：act_ru_suspended_job对应JavaBean -[2018-9-29 00:26:19]
WARN - 列名ID_ 类型VARCHAR 参数64 是主键 没有找到对应关系 -[2018-9-29 00:26:19]
WARN - 列名REV_ 类型INT 参数10 不为空 没有找到对应关系 -[2018-9-29 00:26:19]
WARN - 列名TYPE_ 类型VARCHAR 参数255 没有找到对应关系 -[2018-9-29 00:26:19]
WARN - 列名EXCLUSIVE_ 类型TINYINT 参数3 不为空 没有找到对应关系 -[2018-9-29 00:26:19]
WARN - 列名RETRIES_ 类型INT 参数10 不为空 没有找到对应关系 -[2018-9-29 00:26:19]
WARN - 列名EXCEPTION_MSG_ 类型VARCHAR 参数4000 不为空 没有找到对应关系 -[2018-9-29 00:26:19]
WARN - 列名DUEDATE_ 类型TIMESTAMP 参数19 不为空 没有找到对应关系 -[2018-9-29 00:26:19]
WARN - 列名REPEAT_ 类型VARCHAR 参数255 不为空 没有找到对应关系 -[2018-9-29 00:26:19]
WARN - 列名HANDLER_TYPE_ 类型VARCHAR 参数255 不为空 没有找到对应关系 -[2018-9-29 00:26:19]
WARN - 列名HANDLER_CFG_ 类型VARCHAR 参数4000 不为空 没有找到对应关系 -[2018-9-29 00:26:19]
WARN - 列名TENANT_ID_ 类型VARCHAR 参数255 不为空 没有找到对应关系 -[2018-9-29 00:26:19]
INFO - 开始生成表：act_ru_task对应JavaBean -[2018-9-29 00:26:19]
WARN - 列名ID_ 类型VARCHAR 参数64 是主键 没有找到对应关系 -[2018-9-29 00:26:19]
WARN - 列名REV_ 类型INT 参数10 不为空 没有找到对应关系 -[2018-9-29 00:26:19]
WARN - 列名NAME_ 类型VARCHAR 参数255 不为空 没有找到对应关系 -[2018-9-29 00:26:19]
WARN - 列名PARENT_TASK_ID_ 类型VARCHAR 参数64 不为空 没有找到对应关系 -[2018-9-29 00:26:19]
WARN - 列名DESCRIPTION_ 类型VARCHAR 参数4000 不为空 没有找到对应关系 -[2018-9-29 00:26:19]
WARN - 列名TASK_DEF_KEY_ 类型VARCHAR 参数255 不为空 没有找到对应关系 -[2018-9-29 00:26:19]
WARN - 列名OWNER_ 类型VARCHAR 参数255 不为空 没有找到对应关系 -[2018-9-29 00:26:19]
WARN - 列名ASSIGNEE_ 类型VARCHAR 参数255 不为空 没有找到对应关系 -[2018-9-29 00:26:19]
WARN - 列名DELEGATION_ 类型VARCHAR 参数64 不为空 没有找到对应关系 -[2018-9-29 00:26:19]
WARN - 列名PRIORITY_ 类型INT 参数10 不为空 没有找到对应关系 -[2018-9-29 00:26:19]
WARN - 列名CREATE_TIME_ 类型TIMESTAMP 参数19 不为空 没有找到对应关系 -[2018-9-29 00:26:19]
WARN - 列名DUE_DATE_ 类型DATETIME 参数19 不为空 没有找到对应关系 -[2018-9-29 00:26:19]
WARN - 列名CATEGORY_ 类型VARCHAR 参数255 不为空 没有找到对应关系 -[2018-9-29 00:26:19]
WARN - 列名SUSPENSION_STATE_ 类型INT 参数10 不为空 没有找到对应关系 -[2018-9-29 00:26:19]
WARN - 列名TENANT_ID_ 类型VARCHAR 参数255 不为空 没有找到对应关系 -[2018-9-29 00:26:19]
WARN - 列名FORM_KEY_ 类型VARCHAR 参数255 不为空 没有找到对应关系 -[2018-9-29 00:26:19]
WARN - 列名CLAIM_TIME_ 类型DATETIME 参数19 不为空 没有找到对应关系 -[2018-9-29 00:26:19]
INFO - 开始生成表：act_ru_timer_job对应JavaBean -[2018-9-29 00:26:19]
WARN - 列名ID_ 类型VARCHAR 参数64 是主键 没有找到对应关系 -[2018-9-29 00:26:19]
WARN - 列名REV_ 类型INT 参数10 不为空 没有找到对应关系 -[2018-9-29 00:26:19]
WARN - 列名TYPE_ 类型VARCHAR 参数255 没有找到对应关系 -[2018-9-29 00:26:19]
WARN - 列名LOCK_EXP_TIME_ 类型TIMESTAMP 参数19 不为空 没有找到对应关系 -[2018-9-29 00:26:19]
WARN - 列名LOCK_OWNER_ 类型VARCHAR 参数255 不为空 没有找到对应关系 -[2018-9-29 00:26:19]
WARN - 列名EXCLUSIVE_ 类型TINYINT 参数3 不为空 没有找到对应关系 -[2018-9-29 00:26:19]
WARN - 列名RETRIES_ 类型INT 参数10 不为空 没有找到对应关系 -[2018-9-29 00:26:19]
WARN - 列名EXCEPTION_MSG_ 类型VARCHAR 参数4000 不为空 没有找到对应关系 -[2018-9-29 00:26:19]
WARN - 列名DUEDATE_ 类型TIMESTAMP 参数19 不为空 没有找到对应关系 -[2018-9-29 00:26:19]
WARN - 列名REPEAT_ 类型VARCHAR 参数255 不为空 没有找到对应关系 -[2018-9-29 00:26:19]
WARN - 列名HANDLER_TYPE_ 类型VARCHAR 参数255 不为空 没有找到对应关系 -[2018-9-29 00:26:19]
WARN - 列名HANDLER_CFG_ 类型VARCHAR 参数4000 不为空 没有找到对应关系 -[2018-9-29 00:26:19]
WARN - 列名TENANT_ID_ 类型VARCHAR 参数255 不为空 没有找到对应关系 -[2018-9-29 00:26:19]
INFO - 开始生成表：act_ru_variable对应JavaBean -[2018-9-29 00:26:19]
WARN - 列名ID_ 类型VARCHAR 参数64 是主键 没有找到对应关系 -[2018-9-29 00:26:19]
WARN - 列名REV_ 类型INT 参数10 不为空 没有找到对应关系 -[2018-9-29 00:26:19]
WARN - 列名TYPE_ 类型VARCHAR 参数255 没有找到对应关系 -[2018-9-29 00:26:19]
WARN - 列名NAME_ 类型VARCHAR 参数255 没有找到对应关系 -[2018-9-29 00:26:19]
WARN - 列名TASK_ID_ 类型VARCHAR 参数64 不为空 没有找到对应关系 -[2018-9-29 00:26:19]
WARN - 列名DOUBLE_ 类型DOUBLE 参数22 不为空 没有找到对应关系 -[2018-9-29 00:26:19]
WARN - 列名LONG_ 类型BIGINT 参数19 不为空 没有找到对应关系 -[2018-9-29 00:26:19]
WARN - 列名TEXT_ 类型VARCHAR 参数4000 不为空 没有找到对应关系 -[2018-9-29 00:26:19]
WARN - 列名TEXT2_ 类型VARCHAR 参数4000 不为空 没有找到对应关系 -[2018-9-29 00:26:19]
INFO - 开始生成表：movies对应JavaBean -[2018-9-29 00:26:19]
WARN - 列名ID 类型VARCHAR 参数36 是主键 没有找到对应关系 -[2018-9-29 00:26:19]
WARN - 列名TITLE 类型VARCHAR 参数100 不为空 没有找到对应关系 -[2018-9-29 00:26:19]
WARN - 列名IMG 类型VARCHAR 参数255 不为空 没有找到对应关系 -[2018-9-29 00:26:19]
INFO - 结束生成JavaBean -[2018-9-29 00:26:21]
INFO - 开始生成JavaBean -[2018-9-29 00:37:04]
INFO - 开始生成表：movies对应JavaBean -[2018-9-29 00:37:04]
WARN - 列名ID 类型VARCHAR 参数36 是主键 没有找到对应关系 -[2018-9-29 00:37:04]
WARN - 列名TITLE 类型VARCHAR 参数100 不为空 没有找到对应关系 -[2018-9-29 00:37:04]
WARN - 列名IMG 类型VARCHAR 参数255 不为空 没有找到对应关系 -[2018-9-29 00:37:04]
INFO - 结束生成JavaBean -[2018-9-29 00:37:06]
INFO - 开始生成JavaBean -[2018-9-29 00:38:06]
INFO - 开始生成表：movies对应JavaBean -[2018-9-29 00:38:06]
INFO - 结束生成JavaBean -[2018-9-29 00:38:08]
INFO - 开始生成JavaBean -[2018-9-29 00:38:56]
INFO - 开始生成表：act_evt_log对应JavaBean -[2018-9-29 00:38:56]
WARN - 列名LOG_NR_ 类型BIGINT 参数19 是主键 没有找到对应关系 -[2018-9-29 00:38:56]
WARN - 列名TIME_STAMP_ 类型TIMESTAMP 参数19 没有找到对应关系 -[2018-9-29 00:38:56]
WARN - 列名DATA_ 类型LONGBLOB 参数2147483647 不为空 没有找到对应关系 -[2018-9-29 00:38:56]
WARN - 列名LOCK_TIME_ 类型TIMESTAMP 参数19 不为空 没有找到对应关系 -[2018-9-29 00:38:56]
WARN - 列名IS_PROCESSED_ 类型TINYINT 参数3 不为空 没有找到对应关系 -[2018-9-29 00:38:56]
INFO - 开始生成表：act_ge_bytearray对应JavaBean -[2018-9-29 00:38:56]
WARN - 列名REV_ 类型INT 参数10 不为空 没有找到对应关系 -[2018-9-29 00:38:56]
WARN - 列名BYTES_ 类型LONGBLOB 参数2147483647 不为空 没有找到对应关系 -[2018-9-29 00:38:56]
WARN - 列名GENERATED_ 类型TINYINT 参数3 不为空 没有找到对应关系 -[2018-9-29 00:38:56]
INFO - 开始生成表：act_ge_property对应JavaBean -[2018-9-29 00:38:56]
WARN - 列名REV_ 类型INT 参数10 不为空 没有找到对应关系 -[2018-9-29 00:38:56]
INFO - 开始生成表：act_hi_actinst对应JavaBean -[2018-9-29 00:38:56]
WARN - 列名START_TIME_ 类型DATETIME 参数19 没有找到对应关系 -[2018-9-29 00:38:56]
WARN - 列名END_TIME_ 类型DATETIME 参数19 不为空 没有找到对应关系 -[2018-9-29 00:38:56]
WARN - 列名DURATION_ 类型BIGINT 参数19 不为空 没有找到对应关系 -[2018-9-29 00:38:56]
INFO - 开始生成表：act_hi_attachment对应JavaBean -[2018-9-29 00:38:56]
WARN - 列名REV_ 类型INT 参数10 不为空 没有找到对应关系 -[2018-9-29 00:38:56]
WARN - 列名TIME_ 类型DATETIME 参数19 不为空 没有找到对应关系 -[2018-9-29 00:38:56]
INFO - 开始生成表：act_hi_comment对应JavaBean -[2018-9-29 00:38:56]
WARN - 列名TIME_ 类型DATETIME 参数19 没有找到对应关系 -[2018-9-29 00:38:56]
WARN - 列名FULL_MSG_ 类型LONGBLOB 参数2147483647 不为空 没有找到对应关系 -[2018-9-29 00:38:56]
INFO - 开始生成表：act_hi_detail对应JavaBean -[2018-9-29 00:38:56]
WARN - 列名REV_ 类型INT 参数10 不为空 没有找到对应关系 -[2018-9-29 00:38:56]
WARN - 列名TIME_ 类型DATETIME 参数19 没有找到对应关系 -[2018-9-29 00:38:56]
WARN - 列名DOUBLE_ 类型DOUBLE 参数22 不为空 没有找到对应关系 -[2018-9-29 00:38:56]
WARN - 列名LONG_ 类型BIGINT 参数19 不为空 没有找到对应关系 -[2018-9-29 00:38:56]
INFO - 开始生成表：act_hi_identitylink对应JavaBean -[2018-9-29 00:38:56]
INFO - 开始生成表：act_hi_procinst对应JavaBean -[2018-9-29 00:38:56]
WARN - 列名START_TIME_ 类型DATETIME 参数19 没有找到对应关系 -[2018-9-29 00:38:57]
WARN - 列名END_TIME_ 类型DATETIME 参数19 不为空 没有找到对应关系 -[2018-9-29 00:38:57]
WARN - 列名DURATION_ 类型BIGINT 参数19 不为空 没有找到对应关系 -[2018-9-29 00:38:57]
INFO - 开始生成表：act_hi_taskinst对应JavaBean -[2018-9-29 00:38:57]
WARN - 列名START_TIME_ 类型DATETIME 参数19 没有找到对应关系 -[2018-9-29 00:38:57]
WARN - 列名CLAIM_TIME_ 类型DATETIME 参数19 不为空 没有找到对应关系 -[2018-9-29 00:38:57]
WARN - 列名END_TIME_ 类型DATETIME 参数19 不为空 没有找到对应关系 -[2018-9-29 00:38:57]
WARN - 列名DURATION_ 类型BIGINT 参数19 不为空 没有找到对应关系 -[2018-9-29 00:38:57]
WARN - 列名PRIORITY_ 类型INT 参数10 不为空 没有找到对应关系 -[2018-9-29 00:38:57]
WARN - 列名DUE_DATE_ 类型DATETIME 参数19 不为空 没有找到对应关系 -[2018-9-29 00:38:57]
INFO - 开始生成表：act_hi_varinst对应JavaBean -[2018-9-29 00:38:57]
WARN - 列名REV_ 类型INT 参数10 不为空 没有找到对应关系 -[2018-9-29 00:38:57]
WARN - 列名DOUBLE_ 类型DOUBLE 参数22 不为空 没有找到对应关系 -[2018-9-29 00:38:57]
WARN - 列名LONG_ 类型BIGINT 参数19 不为空 没有找到对应关系 -[2018-9-29 00:38:57]
WARN - 列名CREATE_TIME_ 类型DATETIME 参数19 不为空 没有找到对应关系 -[2018-9-29 00:38:57]
WARN - 列名LAST_UPDATED_TIME_ 类型DATETIME 参数19 不为空 没有找到对应关系 -[2018-9-29 00:38:57]
INFO - 开始生成表：act_id_group对应JavaBean -[2018-9-29 00:38:57]
WARN - 列名REV_ 类型INT 参数10 不为空 没有找到对应关系 -[2018-9-29 00:38:57]
INFO - 开始生成表：act_id_info对应JavaBean -[2018-9-29 00:38:57]
WARN - 列名REV_ 类型INT 参数10 不为空 没有找到对应关系 -[2018-9-29 00:38:57]
WARN - 列名PASSWORD_ 类型LONGBLOB 参数2147483647 不为空 没有找到对应关系 -[2018-9-29 00:38:57]
INFO - 开始生成表：act_id_membership对应JavaBean -[2018-9-29 00:38:57]
INFO - 开始生成表：act_id_user对应JavaBean -[2018-9-29 00:38:57]
WARN - 列名REV_ 类型INT 参数10 不为空 没有找到对应关系 -[2018-9-29 00:38:57]
INFO - 开始生成表：act_procdef_info对应JavaBean -[2018-9-29 00:38:57]
WARN - 列名REV_ 类型INT 参数10 不为空 没有找到对应关系 -[2018-9-29 00:38:57]
INFO - 开始生成表：act_re_deployment对应JavaBean -[2018-9-29 00:38:57]
WARN - 列名DEPLOY_TIME_ 类型TIMESTAMP 参数19 不为空 没有找到对应关系 -[2018-9-29 00:38:57]
INFO - 开始生成表：act_re_model对应JavaBean -[2018-9-29 00:38:57]
WARN - 列名REV_ 类型INT 参数10 不为空 没有找到对应关系 -[2018-9-29 00:38:57]
WARN - 列名CREATE_TIME_ 类型TIMESTAMP 参数19 不为空 没有找到对应关系 -[2018-9-29 00:38:57]
WARN - 列名LAST_UPDATE_TIME_ 类型TIMESTAMP 参数19 不为空 没有找到对应关系 -[2018-9-29 00:38:57]
WARN - 列名VERSION_ 类型INT 参数10 不为空 没有找到对应关系 -[2018-9-29 00:38:57]
INFO - 开始生成表：act_re_procdef对应JavaBean -[2018-9-29 00:38:57]
WARN - 列名REV_ 类型INT 参数10 不为空 没有找到对应关系 -[2018-9-29 00:38:57]
WARN - 列名VERSION_ 类型INT 参数10 没有找到对应关系 -[2018-9-29 00:38:57]
WARN - 列名HAS_START_FORM_KEY_ 类型TINYINT 参数3 不为空 没有找到对应关系 -[2018-9-29 00:38:57]
WARN - 列名HAS_GRAPHICAL_NOTATION_ 类型TINYINT 参数3 不为空 没有找到对应关系 -[2018-9-29 00:38:57]
WARN - 列名SUSPENSION_STATE_ 类型INT 参数10 不为空 没有找到对应关系 -[2018-9-29 00:38:57]
INFO - 开始生成表：act_ru_deadletter_job对应JavaBean -[2018-9-29 00:38:57]
WARN - 列名REV_ 类型INT 参数10 不为空 没有找到对应关系 -[2018-9-29 00:38:57]
WARN - 列名EXCLUSIVE_ 类型TINYINT 参数3 不为空 没有找到对应关系 -[2018-9-29 00:38:57]
WARN - 列名DUEDATE_ 类型TIMESTAMP 参数19 不为空 没有找到对应关系 -[2018-9-29 00:38:57]
INFO - 开始生成表：act_ru_event_subscr对应JavaBean -[2018-9-29 00:38:57]
WARN - 列名REV_ 类型INT 参数10 不为空 没有找到对应关系 -[2018-9-29 00:38:57]
WARN - 列名CREATED_ 类型TIMESTAMP 参数19 没有找到对应关系 -[2018-9-29 00:38:57]
INFO - 开始生成表：act_ru_execution对应JavaBean -[2018-9-29 00:38:57]
WARN - 列名REV_ 类型INT 参数10 不为空 没有找到对应关系 -[2018-9-29 00:38:57]
WARN - 列名IS_ACTIVE_ 类型TINYINT 参数3 不为空 没有找到对应关系 -[2018-9-29 00:38:57]
WARN - 列名IS_CONCURRENT_ 类型TINYINT 参数3 不为空 没有找到对应关系 -[2018-9-29 00:38:57]
WARN - 列名IS_SCOPE_ 类型TINYINT 参数3 不为空 没有找到对应关系 -[2018-9-29 00:38:57]
WARN - 列名IS_EVENT_SCOPE_ 类型TINYINT 参数3 不为空 没有找到对应关系 -[2018-9-29 00:38:57]
WARN - 列名IS_MI_ROOT_ 类型TINYINT 参数3 不为空 没有找到对应关系 -[2018-9-29 00:38:57]
WARN - 列名SUSPENSION_STATE_ 类型INT 参数10 不为空 没有找到对应关系 -[2018-9-29 00:38:57]
WARN - 列名CACHED_ENT_STATE_ 类型INT 参数10 不为空 没有找到对应关系 -[2018-9-29 00:38:57]
WARN - 列名START_TIME_ 类型DATETIME 参数19 不为空 没有找到对应关系 -[2018-9-29 00:38:57]
WARN - 列名LOCK_TIME_ 类型TIMESTAMP 参数19 不为空 没有找到对应关系 -[2018-9-29 00:38:57]
WARN - 列名IS_COUNT_ENABLED_ 类型TINYINT 参数3 不为空 没有找到对应关系 -[2018-9-29 00:38:57]
WARN - 列名EVT_SUBSCR_COUNT_ 类型INT 参数10 不为空 没有找到对应关系 -[2018-9-29 00:38:57]
WARN - 列名TASK_COUNT_ 类型INT 参数10 不为空 没有找到对应关系 -[2018-9-29 00:38:57]
WARN - 列名JOB_COUNT_ 类型INT 参数10 不为空 没有找到对应关系 -[2018-9-29 00:38:57]
WARN - 列名TIMER_JOB_COUNT_ 类型INT 参数10 不为空 没有找到对应关系 -[2018-9-29 00:38:57]
WARN - 列名SUSP_JOB_COUNT_ 类型INT 参数10 不为空 没有找到对应关系 -[2018-9-29 00:38:57]
WARN - 列名DEADLETTER_JOB_COUNT_ 类型INT 参数10 不为空 没有找到对应关系 -[2018-9-29 00:38:57]
WARN - 列名VAR_COUNT_ 类型INT 参数10 不为空 没有找到对应关系 -[2018-9-29 00:38:57]
WARN - 列名ID_LINK_COUNT_ 类型INT 参数10 不为空 没有找到对应关系 -[2018-9-29 00:38:57]
INFO - 开始生成表：act_ru_identitylink对应JavaBean -[2018-9-29 00:38:57]
WARN - 列名REV_ 类型INT 参数10 不为空 没有找到对应关系 -[2018-9-29 00:38:57]
INFO - 开始生成表：act_ru_job对应JavaBean -[2018-9-29 00:38:57]
WARN - 列名REV_ 类型INT 参数10 不为空 没有找到对应关系 -[2018-9-29 00:38:57]
WARN - 列名LOCK_EXP_TIME_ 类型TIMESTAMP 参数19 不为空 没有找到对应关系 -[2018-9-29 00:38:57]
WARN - 列名EXCLUSIVE_ 类型TINYINT 参数3 不为空 没有找到对应关系 -[2018-9-29 00:38:57]
WARN - 列名RETRIES_ 类型INT 参数10 不为空 没有找到对应关系 -[2018-9-29 00:38:57]
WARN - 列名DUEDATE_ 类型TIMESTAMP 参数19 不为空 没有找到对应关系 -[2018-9-29 00:38:57]
INFO - 开始生成表：act_ru_suspended_job对应JavaBean -[2018-9-29 00:38:57]
WARN - 列名REV_ 类型INT 参数10 不为空 没有找到对应关系 -[2018-9-29 00:38:57]
WARN - 列名EXCLUSIVE_ 类型TINYINT 参数3 不为空 没有找到对应关系 -[2018-9-29 00:38:57]
WARN - 列名RETRIES_ 类型INT 参数10 不为空 没有找到对应关系 -[2018-9-29 00:38:57]
WARN - 列名DUEDATE_ 类型TIMESTAMP 参数19 不为空 没有找到对应关系 -[2018-9-29 00:38:57]
INFO - 开始生成表：act_ru_task对应JavaBean -[2018-9-29 00:38:57]
WARN - 列名REV_ 类型INT 参数10 不为空 没有找到对应关系 -[2018-9-29 00:38:57]
WARN - 列名PRIORITY_ 类型INT 参数10 不为空 没有找到对应关系 -[2018-9-29 00:38:57]
WARN - 列名CREATE_TIME_ 类型TIMESTAMP 参数19 不为空 没有找到对应关系 -[2018-9-29 00:38:57]
WARN - 列名DUE_DATE_ 类型DATETIME 参数19 不为空 没有找到对应关系 -[2018-9-29 00:38:57]
WARN - 列名SUSPENSION_STATE_ 类型INT 参数10 不为空 没有找到对应关系 -[2018-9-29 00:38:57]
WARN - 列名CLAIM_TIME_ 类型DATETIME 参数19 不为空 没有找到对应关系 -[2018-9-29 00:38:57]
INFO - 开始生成表：act_ru_timer_job对应JavaBean -[2018-9-29 00:38:57]
WARN - 列名REV_ 类型INT 参数10 不为空 没有找到对应关系 -[2018-9-29 00:38:57]
WARN - 列名LOCK_EXP_TIME_ 类型TIMESTAMP 参数19 不为空 没有找到对应关系 -[2018-9-29 00:38:57]
WARN - 列名EXCLUSIVE_ 类型TINYINT 参数3 不为空 没有找到对应关系 -[2018-9-29 00:38:57]
WARN - 列名RETRIES_ 类型INT 参数10 不为空 没有找到对应关系 -[2018-9-29 00:38:57]
WARN - 列名DUEDATE_ 类型TIMESTAMP 参数19 不为空 没有找到对应关系 -[2018-9-29 00:38:57]
INFO - 开始生成表：act_ru_variable对应JavaBean -[2018-9-29 00:38:57]
WARN - 列名REV_ 类型INT 参数10 不为空 没有找到对应关系 -[2018-9-29 00:38:57]
WARN - 列名DOUBLE_ 类型DOUBLE 参数22 不为空 没有找到对应关系 -[2018-9-29 00:38:57]
WARN - 列名LONG_ 类型BIGINT 参数19 不为空 没有找到对应关系 -[2018-9-29 00:38:57]
INFO - 结束生成JavaBean -[2018-9-29 00:38:58]
INFO - 开始生成JavaBean -[2018-9-29 00:40:40]
INFO - 开始生成表：act_evt_log对应JavaBean -[2018-9-29 00:40:40]
WARN - 列名LOG_NR_ 类型BIGINT 参数19 是主键 没有找到对应关系 -[2018-9-29 00:40:40]
WARN - 列名TIME_STAMP_ 类型TIMESTAMP 参数19 没有找到对应关系 -[2018-9-29 00:40:40]
WARN - 列名DATA_ 类型LONGBLOB 参数2147483647 不为空 没有找到对应关系 -[2018-9-29 00:40:40]
WARN - 列名LOCK_TIME_ 类型TIMESTAMP 参数19 不为空 没有找到对应关系 -[2018-9-29 00:40:40]
WARN - 列名IS_PROCESSED_ 类型TINYINT 参数3 不为空 没有找到对应关系 -[2018-9-29 00:40:40]
INFO - 开始生成表：act_ge_bytearray对应JavaBean -[2018-9-29 00:40:40]
WARN - 列名REV_ 类型INT 参数10 不为空 没有找到对应关系 -[2018-9-29 00:40:40]
WARN - 列名BYTES_ 类型LONGBLOB 参数2147483647 不为空 没有找到对应关系 -[2018-9-29 00:40:40]
WARN - 列名GENERATED_ 类型TINYINT 参数3 不为空 没有找到对应关系 -[2018-9-29 00:40:40]
INFO - 开始生成表：act_ge_property对应JavaBean -[2018-9-29 00:40:40]
WARN - 列名REV_ 类型INT 参数10 不为空 没有找到对应关系 -[2018-9-29 00:40:40]
INFO - 开始生成表：act_hi_actinst对应JavaBean -[2018-9-29 00:40:40]
WARN - 列名START_TIME_ 类型DATETIME 参数19 没有找到对应关系 -[2018-9-29 00:40:40]
WARN - 列名END_TIME_ 类型DATETIME 参数19 不为空 没有找到对应关系 -[2018-9-29 00:40:40]
WARN - 列名DURATION_ 类型BIGINT 参数19 不为空 没有找到对应关系 -[2018-9-29 00:40:40]
INFO - 开始生成表：act_hi_attachment对应JavaBean -[2018-9-29 00:40:40]
WARN - 列名REV_ 类型INT 参数10 不为空 没有找到对应关系 -[2018-9-29 00:40:40]
WARN - 列名TIME_ 类型DATETIME 参数19 不为空 没有找到对应关系 -[2018-9-29 00:40:40]
INFO - 开始生成表：act_hi_comment对应JavaBean -[2018-9-29 00:40:40]
WARN - 列名TIME_ 类型DATETIME 参数19 没有找到对应关系 -[2018-9-29 00:40:40]
WARN - 列名FULL_MSG_ 类型LONGBLOB 参数2147483647 不为空 没有找到对应关系 -[2018-9-29 00:40:40]
INFO - 开始生成表：act_hi_detail对应JavaBean -[2018-9-29 00:40:40]
WARN - 列名REV_ 类型INT 参数10 不为空 没有找到对应关系 -[2018-9-29 00:40:40]
WARN - 列名TIME_ 类型DATETIME 参数19 没有找到对应关系 -[2018-9-29 00:40:40]
WARN - 列名DOUBLE_ 类型DOUBLE 参数22 不为空 没有找到对应关系 -[2018-9-29 00:40:40]
WARN - 列名LONG_ 类型BIGINT 参数19 不为空 没有找到对应关系 -[2018-9-29 00:40:40]
INFO - 开始生成表：act_hi_identitylink对应JavaBean -[2018-9-29 00:40:40]
INFO - 开始生成表：act_hi_procinst对应JavaBean -[2018-9-29 00:40:40]
WARN - 列名START_TIME_ 类型DATETIME 参数19 没有找到对应关系 -[2018-9-29 00:40:40]
WARN - 列名END_TIME_ 类型DATETIME 参数19 不为空 没有找到对应关系 -[2018-9-29 00:40:40]
WARN - 列名DURATION_ 类型BIGINT 参数19 不为空 没有找到对应关系 -[2018-9-29 00:40:40]
INFO - 开始生成表：act_hi_taskinst对应JavaBean -[2018-9-29 00:40:40]
WARN - 列名START_TIME_ 类型DATETIME 参数19 没有找到对应关系 -[2018-9-29 00:40:40]
WARN - 列名CLAIM_TIME_ 类型DATETIME 参数19 不为空 没有找到对应关系 -[2018-9-29 00:40:40]
WARN - 列名END_TIME_ 类型DATETIME 参数19 不为空 没有找到对应关系 -[2018-9-29 00:40:40]
WARN - 列名DURATION_ 类型BIGINT 参数19 不为空 没有找到对应关系 -[2018-9-29 00:40:40]
WARN - 列名PRIORITY_ 类型INT 参数10 不为空 没有找到对应关系 -[2018-9-29 00:40:40]
WARN - 列名DUE_DATE_ 类型DATETIME 参数19 不为空 没有找到对应关系 -[2018-9-29 00:40:40]
INFO - 开始生成表：act_hi_varinst对应JavaBean -[2018-9-29 00:40:40]
WARN - 列名REV_ 类型INT 参数10 不为空 没有找到对应关系 -[2018-9-29 00:40:40]
WARN - 列名DOUBLE_ 类型DOUBLE 参数22 不为空 没有找到对应关系 -[2018-9-29 00:40:40]
WARN - 列名LONG_ 类型BIGINT 参数19 不为空 没有找到对应关系 -[2018-9-29 00:40:40]
WARN - 列名CREATE_TIME_ 类型DATETIME 参数19 不为空 没有找到对应关系 -[2018-9-29 00:40:40]
WARN - 列名LAST_UPDATED_TIME_ 类型DATETIME 参数19 不为空 没有找到对应关系 -[2018-9-29 00:40:40]
INFO - 开始生成表：act_id_group对应JavaBean -[2018-9-29 00:40:40]
WARN - 列名REV_ 类型INT 参数10 不为空 没有找到对应关系 -[2018-9-29 00:40:40]
INFO - 开始生成表：act_id_info对应JavaBean -[2018-9-29 00:40:40]
WARN - 列名REV_ 类型INT 参数10 不为空 没有找到对应关系 -[2018-9-29 00:40:40]
WARN - 列名PASSWORD_ 类型LONGBLOB 参数2147483647 不为空 没有找到对应关系 -[2018-9-29 00:40:40]
INFO - 开始生成表：act_id_membership对应JavaBean -[2018-9-29 00:40:40]
INFO - 开始生成表：act_id_user对应JavaBean -[2018-9-29 00:40:40]
WARN - 列名REV_ 类型INT 参数10 不为空 没有找到对应关系 -[2018-9-29 00:40:40]
INFO - 开始生成表：act_procdef_info对应JavaBean -[2018-9-29 00:40:40]
WARN - 列名REV_ 类型INT 参数10 不为空 没有找到对应关系 -[2018-9-29 00:40:40]
INFO - 开始生成表：act_re_deployment对应JavaBean -[2018-9-29 00:40:40]
WARN - 列名DEPLOY_TIME_ 类型TIMESTAMP 参数19 不为空 没有找到对应关系 -[2018-9-29 00:40:40]
INFO - 开始生成表：act_re_model对应JavaBean -[2018-9-29 00:40:40]
WARN - 列名REV_ 类型INT 参数10 不为空 没有找到对应关系 -[2018-9-29 00:40:40]
WARN - 列名CREATE_TIME_ 类型TIMESTAMP 参数19 不为空 没有找到对应关系 -[2018-9-29 00:40:40]
WARN - 列名LAST_UPDATE_TIME_ 类型TIMESTAMP 参数19 不为空 没有找到对应关系 -[2018-9-29 00:40:40]
WARN - 列名VERSION_ 类型INT 参数10 不为空 没有找到对应关系 -[2018-9-29 00:40:40]
INFO - 开始生成表：act_re_procdef对应JavaBean -[2018-9-29 00:40:40]
WARN - 列名REV_ 类型INT 参数10 不为空 没有找到对应关系 -[2018-9-29 00:40:40]
WARN - 列名VERSION_ 类型INT 参数10 没有找到对应关系 -[2018-9-29 00:40:40]
WARN - 列名HAS_START_FORM_KEY_ 类型TINYINT 参数3 不为空 没有找到对应关系 -[2018-9-29 00:40:40]
WARN - 列名HAS_GRAPHICAL_NOTATION_ 类型TINYINT 参数3 不为空 没有找到对应关系 -[2018-9-29 00:40:40]
WARN - 列名SUSPENSION_STATE_ 类型INT 参数10 不为空 没有找到对应关系 -[2018-9-29 00:40:40]
INFO - 开始生成表：act_ru_deadletter_job对应JavaBean -[2018-9-29 00:40:40]
WARN - 列名REV_ 类型INT 参数10 不为空 没有找到对应关系 -[2018-9-29 00:40:40]
WARN - 列名EXCLUSIVE_ 类型TINYINT 参数3 不为空 没有找到对应关系 -[2018-9-29 00:40:40]
WARN - 列名DUEDATE_ 类型TIMESTAMP 参数19 不为空 没有找到对应关系 -[2018-9-29 00:40:40]
INFO - 开始生成表：act_ru_event_subscr对应JavaBean -[2018-9-29 00:40:40]
WARN - 列名REV_ 类型INT 参数10 不为空 没有找到对应关系 -[2018-9-29 00:40:40]
WARN - 列名CREATED_ 类型TIMESTAMP 参数19 没有找到对应关系 -[2018-9-29 00:40:40]
INFO - 开始生成表：act_ru_execution对应JavaBean -[2018-9-29 00:40:40]
WARN - 列名REV_ 类型INT 参数10 不为空 没有找到对应关系 -[2018-9-29 00:40:40]
WARN - 列名IS_ACTIVE_ 类型TINYINT 参数3 不为空 没有找到对应关系 -[2018-9-29 00:40:40]
WARN - 列名IS_CONCURRENT_ 类型TINYINT 参数3 不为空 没有找到对应关系 -[2018-9-29 00:40:40]
WARN - 列名IS_SCOPE_ 类型TINYINT 参数3 不为空 没有找到对应关系 -[2018-9-29 00:40:40]
WARN - 列名IS_EVENT_SCOPE_ 类型TINYINT 参数3 不为空 没有找到对应关系 -[2018-9-29 00:40:40]
WARN - 列名IS_MI_ROOT_ 类型TINYINT 参数3 不为空 没有找到对应关系 -[2018-9-29 00:40:40]
WARN - 列名SUSPENSION_STATE_ 类型INT 参数10 不为空 没有找到对应关系 -[2018-9-29 00:40:40]
WARN - 列名CACHED_ENT_STATE_ 类型INT 参数10 不为空 没有找到对应关系 -[2018-9-29 00:40:40]
WARN - 列名START_TIME_ 类型DATETIME 参数19 不为空 没有找到对应关系 -[2018-9-29 00:40:40]
WARN - 列名LOCK_TIME_ 类型TIMESTAMP 参数19 不为空 没有找到对应关系 -[2018-9-29 00:40:40]
WARN - 列名IS_COUNT_ENABLED_ 类型TINYINT 参数3 不为空 没有找到对应关系 -[2018-9-29 00:40:40]
WARN - 列名EVT_SUBSCR_COUNT_ 类型INT 参数10 不为空 没有找到对应关系 -[2018-9-29 00:40:40]
WARN - 列名TASK_COUNT_ 类型INT 参数10 不为空 没有找到对应关系 -[2018-9-29 00:40:40]
WARN - 列名JOB_COUNT_ 类型INT 参数10 不为空 没有找到对应关系 -[2018-9-29 00:40:40]
WARN - 列名TIMER_JOB_COUNT_ 类型INT 参数10 不为空 没有找到对应关系 -[2018-9-29 00:40:40]
WARN - 列名SUSP_JOB_COUNT_ 类型INT 参数10 不为空 没有找到对应关系 -[2018-9-29 00:40:40]
WARN - 列名DEADLETTER_JOB_COUNT_ 类型INT 参数10 不为空 没有找到对应关系 -[2018-9-29 00:40:40]
WARN - 列名VAR_COUNT_ 类型INT 参数10 不为空 没有找到对应关系 -[2018-9-29 00:40:40]
WARN - 列名ID_LINK_COUNT_ 类型INT 参数10 不为空 没有找到对应关系 -[2018-9-29 00:40:40]
INFO - 开始生成表：act_ru_identitylink对应JavaBean -[2018-9-29 00:40:40]
WARN - 列名REV_ 类型INT 参数10 不为空 没有找到对应关系 -[2018-9-29 00:40:40]
INFO - 开始生成表：act_ru_job对应JavaBean -[2018-9-29 00:40:40]
WARN - 列名REV_ 类型INT 参数10 不为空 没有找到对应关系 -[2018-9-29 00:40:41]
WARN - 列名LOCK_EXP_TIME_ 类型TIMESTAMP 参数19 不为空 没有找到对应关系 -[2018-9-29 00:40:41]
WARN - 列名EXCLUSIVE_ 类型TINYINT 参数3 不为空 没有找到对应关系 -[2018-9-29 00:40:41]
WARN - 列名RETRIES_ 类型INT 参数10 不为空 没有找到对应关系 -[2018-9-29 00:40:41]
WARN - 列名DUEDATE_ 类型TIMESTAMP 参数19 不为空 没有找到对应关系 -[2018-9-29 00:40:41]
INFO - 开始生成表：act_ru_suspended_job对应JavaBean -[2018-9-29 00:40:41]
WARN - 列名REV_ 类型INT 参数10 不为空 没有找到对应关系 -[2018-9-29 00:40:41]
WARN - 列名EXCLUSIVE_ 类型TINYINT 参数3 不为空 没有找到对应关系 -[2018-9-29 00:40:41]
WARN - 列名RETRIES_ 类型INT 参数10 不为空 没有找到对应关系 -[2018-9-29 00:40:41]
WARN - 列名DUEDATE_ 类型TIMESTAMP 参数19 不为空 没有找到对应关系 -[2018-9-29 00:40:41]
INFO - 开始生成表：act_ru_task对应JavaBean -[2018-9-29 00:40:41]
WARN - 列名REV_ 类型INT 参数10 不为空 没有找到对应关系 -[2018-9-29 00:40:41]
WARN - 列名PRIORITY_ 类型INT 参数10 不为空 没有找到对应关系 -[2018-9-29 00:40:41]
WARN - 列名CREATE_TIME_ 类型TIMESTAMP 参数19 不为空 没有找到对应关系 -[2018-9-29 00:40:41]
WARN - 列名DUE_DATE_ 类型DATETIME 参数19 不为空 没有找到对应关系 -[2018-9-29 00:40:41]
WARN - 列名SUSPENSION_STATE_ 类型INT 参数10 不为空 没有找到对应关系 -[2018-9-29 00:40:41]
WARN - 列名CLAIM_TIME_ 类型DATETIME 参数19 不为空 没有找到对应关系 -[2018-9-29 00:40:41]
INFO - 开始生成表：act_ru_timer_job对应JavaBean -[2018-9-29 00:40:41]
WARN - 列名REV_ 类型INT 参数10 不为空 没有找到对应关系 -[2018-9-29 00:40:41]
WARN - 列名LOCK_EXP_TIME_ 类型TIMESTAMP 参数19 不为空 没有找到对应关系 -[2018-9-29 00:40:41]
WARN - 列名EXCLUSIVE_ 类型TINYINT 参数3 不为空 没有找到对应关系 -[2018-9-29 00:40:41]
WARN - 列名RETRIES_ 类型INT 参数10 不为空 没有找到对应关系 -[2018-9-29 00:40:41]
WARN - 列名DUEDATE_ 类型TIMESTAMP 参数19 不为空 没有找到对应关系 -[2018-9-29 00:40:41]
INFO - 开始生成表：act_ru_variable对应JavaBean -[2018-9-29 00:40:41]
WARN - 列名REV_ 类型INT 参数10 不为空 没有找到对应关系 -[2018-9-29 00:40:41]
WARN - 列名DOUBLE_ 类型DOUBLE 参数22 不为空 没有找到对应关系 -[2018-9-29 00:40:41]
WARN - 列名LONG_ 类型BIGINT 参数19 不为空 没有找到对应关系 -[2018-9-29 00:40:41]
INFO - 结束生成JavaBean -[2018-9-29 00:40:42]
INFO - 开始生成JavaBean -[2018-9-29 00:40:50]
INFO - 开始生成表：act_evt_log对应JavaBean -[2018-9-29 00:40:50]
WARN - 列名LOG_NR_ 类型BIGINT 参数19 是主键 没有找到对应关系 -[2018-9-29 00:40:50]
WARN - 列名TIME_STAMP_ 类型TIMESTAMP 参数19 没有找到对应关系 -[2018-9-29 00:40:50]
WARN - 列名DATA_ 类型LONGBLOB 参数2147483647 不为空 没有找到对应关系 -[2018-9-29 00:40:50]
WARN - 列名LOCK_TIME_ 类型TIMESTAMP 参数19 不为空 没有找到对应关系 -[2018-9-29 00:40:50]
WARN - 列名IS_PROCESSED_ 类型TINYINT 参数3 不为空 没有找到对应关系 -[2018-9-29 00:40:50]
INFO - 开始生成表：act_ge_bytearray对应JavaBean -[2018-9-29 00:40:50]
WARN - 列名REV_ 类型INT 参数10 不为空 没有找到对应关系 -[2018-9-29 00:40:50]
WARN - 列名BYTES_ 类型LONGBLOB 参数2147483647 不为空 没有找到对应关系 -[2018-9-29 00:40:50]
WARN - 列名GENERATED_ 类型TINYINT 参数3 不为空 没有找到对应关系 -[2018-9-29 00:40:50]
INFO - 开始生成表：act_ge_property对应JavaBean -[2018-9-29 00:40:50]
WARN - 列名REV_ 类型INT 参数10 不为空 没有找到对应关系 -[2018-9-29 00:40:50]
INFO - 开始生成表：act_hi_actinst对应JavaBean -[2018-9-29 00:40:50]
WARN - 列名START_TIME_ 类型DATETIME 参数19 没有找到对应关系 -[2018-9-29 00:40:50]
WARN - 列名END_TIME_ 类型DATETIME 参数19 不为空 没有找到对应关系 -[2018-9-29 00:40:50]
WARN - 列名DURATION_ 类型BIGINT 参数19 不为空 没有找到对应关系 -[2018-9-29 00:40:50]
INFO - 开始生成表：act_hi_attachment对应JavaBean -[2018-9-29 00:40:50]
WARN - 列名REV_ 类型INT 参数10 不为空 没有找到对应关系 -[2018-9-29 00:40:50]
WARN - 列名TIME_ 类型DATETIME 参数19 不为空 没有找到对应关系 -[2018-9-29 00:40:50]
INFO - 开始生成表：act_hi_comment对应JavaBean -[2018-9-29 00:40:50]
WARN - 列名TIME_ 类型DATETIME 参数19 没有找到对应关系 -[2018-9-29 00:40:50]
WARN - 列名FULL_MSG_ 类型LONGBLOB 参数2147483647 不为空 没有找到对应关系 -[2018-9-29 00:40:50]
INFO - 开始生成表：act_hi_detail对应JavaBean -[2018-9-29 00:40:50]
WARN - 列名REV_ 类型INT 参数10 不为空 没有找到对应关系 -[2018-9-29 00:40:50]
WARN - 列名TIME_ 类型DATETIME 参数19 没有找到对应关系 -[2018-9-29 00:40:50]
WARN - 列名DOUBLE_ 类型DOUBLE 参数22 不为空 没有找到对应关系 -[2018-9-29 00:40:50]
WARN - 列名LONG_ 类型BIGINT 参数19 不为空 没有找到对应关系 -[2018-9-29 00:40:50]
INFO - 开始生成表：act_hi_identitylink对应JavaBean -[2018-9-29 00:40:50]
INFO - 开始生成表：act_hi_procinst对应JavaBean -[2018-9-29 00:40:50]
WARN - 列名START_TIME_ 类型DATETIME 参数19 没有找到对应关系 -[2018-9-29 00:40:50]
WARN - 列名END_TIME_ 类型DATETIME 参数19 不为空 没有找到对应关系 -[2018-9-29 00:40:50]
WARN - 列名DURATION_ 类型BIGINT 参数19 不为空 没有找到对应关系 -[2018-9-29 00:40:50]
INFO - 开始生成表：act_hi_taskinst对应JavaBean -[2018-9-29 00:40:50]
WARN - 列名START_TIME_ 类型DATETIME 参数19 没有找到对应关系 -[2018-9-29 00:40:50]
WARN - 列名CLAIM_TIME_ 类型DATETIME 参数19 不为空 没有找到对应关系 -[2018-9-29 00:40:50]
WARN - 列名END_TIME_ 类型DATETIME 参数19 不为空 没有找到对应关系 -[2018-9-29 00:40:50]
WARN - 列名DURATION_ 类型BIGINT 参数19 不为空 没有找到对应关系 -[2018-9-29 00:40:50]
WARN - 列名PRIORITY_ 类型INT 参数10 不为空 没有找到对应关系 -[2018-9-29 00:40:50]
WARN - 列名DUE_DATE_ 类型DATETIME 参数19 不为空 没有找到对应关系 -[2018-9-29 00:40:50]
INFO - 开始生成表：act_hi_varinst对应JavaBean -[2018-9-29 00:40:50]
WARN - 列名REV_ 类型INT 参数10 不为空 没有找到对应关系 -[2018-9-29 00:40:50]
WARN - 列名DOUBLE_ 类型DOUBLE 参数22 不为空 没有找到对应关系 -[2018-9-29 00:40:50]
WARN - 列名LONG_ 类型BIGINT 参数19 不为空 没有找到对应关系 -[2018-9-29 00:40:50]
WARN - 列名CREATE_TIME_ 类型DATETIME 参数19 不为空 没有找到对应关系 -[2018-9-29 00:40:50]
WARN - 列名LAST_UPDATED_TIME_ 类型DATETIME 参数19 不为空 没有找到对应关系 -[2018-9-29 00:40:50]
INFO - 开始生成表：act_id_group对应JavaBean -[2018-9-29 00:40:50]
WARN - 列名REV_ 类型INT 参数10 不为空 没有找到对应关系 -[2018-9-29 00:40:50]
INFO - 开始生成表：act_id_info对应JavaBean -[2018-9-29 00:40:50]
WARN - 列名REV_ 类型INT 参数10 不为空 没有找到对应关系 -[2018-9-29 00:40:50]
WARN - 列名PASSWORD_ 类型LONGBLOB 参数2147483647 不为空 没有找到对应关系 -[2018-9-29 00:40:50]
INFO - 开始生成表：act_id_membership对应JavaBean -[2018-9-29 00:40:50]
INFO - 开始生成表：act_id_user对应JavaBean -[2018-9-29 00:40:50]
WARN - 列名REV_ 类型INT 参数10 不为空 没有找到对应关系 -[2018-9-29 00:40:50]
INFO - 开始生成表：act_procdef_info对应JavaBean -[2018-9-29 00:40:50]
WARN - 列名REV_ 类型INT 参数10 不为空 没有找到对应关系 -[2018-9-29 00:40:50]
INFO - 开始生成表：act_re_deployment对应JavaBean -[2018-9-29 00:40:50]
WARN - 列名DEPLOY_TIME_ 类型TIMESTAMP 参数19 不为空 没有找到对应关系 -[2018-9-29 00:40:50]
INFO - 开始生成表：act_re_model对应JavaBean -[2018-9-29 00:40:50]
WARN - 列名REV_ 类型INT 参数10 不为空 没有找到对应关系 -[2018-9-29 00:40:50]
WARN - 列名CREATE_TIME_ 类型TIMESTAMP 参数19 不为空 没有找到对应关系 -[2018-9-29 00:40:50]
WARN - 列名LAST_UPDATE_TIME_ 类型TIMESTAMP 参数19 不为空 没有找到对应关系 -[2018-9-29 00:40:50]
WARN - 列名VERSION_ 类型INT 参数10 不为空 没有找到对应关系 -[2018-9-29 00:40:50]
INFO - 开始生成表：act_re_procdef对应JavaBean -[2018-9-29 00:40:50]
WARN - 列名REV_ 类型INT 参数10 不为空 没有找到对应关系 -[2018-9-29 00:40:50]
WARN - 列名VERSION_ 类型INT 参数10 没有找到对应关系 -[2018-9-29 00:40:50]
WARN - 列名HAS_START_FORM_KEY_ 类型TINYINT 参数3 不为空 没有找到对应关系 -[2018-9-29 00:40:50]
WARN - 列名HAS_GRAPHICAL_NOTATION_ 类型TINYINT 参数3 不为空 没有找到对应关系 -[2018-9-29 00:40:50]
WARN - 列名SUSPENSION_STATE_ 类型INT 参数10 不为空 没有找到对应关系 -[2018-9-29 00:40:50]
INFO - 开始生成表：act_ru_deadletter_job对应JavaBean -[2018-9-29 00:40:50]
WARN - 列名REV_ 类型INT 参数10 不为空 没有找到对应关系 -[2018-9-29 00:40:50]
WARN - 列名EXCLUSIVE_ 类型TINYINT 参数3 不为空 没有找到对应关系 -[2018-9-29 00:40:50]
WARN - 列名DUEDATE_ 类型TIMESTAMP 参数19 不为空 没有找到对应关系 -[2018-9-29 00:40:50]
INFO - 开始生成表：act_ru_event_subscr对应JavaBean -[2018-9-29 00:40:50]
WARN - 列名REV_ 类型INT 参数10 不为空 没有找到对应关系 -[2018-9-29 00:40:50]
WARN - 列名CREATED_ 类型TIMESTAMP 参数19 没有找到对应关系 -[2018-9-29 00:40:50]
INFO - 开始生成表：act_ru_execution对应JavaBean -[2018-9-29 00:40:50]
WARN - 列名REV_ 类型INT 参数10 不为空 没有找到对应关系 -[2018-9-29 00:40:50]
WARN - 列名IS_ACTIVE_ 类型TINYINT 参数3 不为空 没有找到对应关系 -[2018-9-29 00:40:50]
WARN - 列名IS_CONCURRENT_ 类型TINYINT 参数3 不为空 没有找到对应关系 -[2018-9-29 00:40:50]
WARN - 列名IS_SCOPE_ 类型TINYINT 参数3 不为空 没有找到对应关系 -[2018-9-29 00:40:50]
WARN - 列名IS_EVENT_SCOPE_ 类型TINYINT 参数3 不为空 没有找到对应关系 -[2018-9-29 00:40:50]
WARN - 列名IS_MI_ROOT_ 类型TINYINT 参数3 不为空 没有找到对应关系 -[2018-9-29 00:40:50]
WARN - 列名SUSPENSION_STATE_ 类型INT 参数10 不为空 没有找到对应关系 -[2018-9-29 00:40:50]
WARN - 列名CACHED_ENT_STATE_ 类型INT 参数10 不为空 没有找到对应关系 -[2018-9-29 00:40:50]
WARN - 列名START_TIME_ 类型DATETIME 参数19 不为空 没有找到对应关系 -[2018-9-29 00:40:50]
WARN - 列名LOCK_TIME_ 类型TIMESTAMP 参数19 不为空 没有找到对应关系 -[2018-9-29 00:40:50]
WARN - 列名IS_COUNT_ENABLED_ 类型TINYINT 参数3 不为空 没有找到对应关系 -[2018-9-29 00:40:50]
WARN - 列名EVT_SUBSCR_COUNT_ 类型INT 参数10 不为空 没有找到对应关系 -[2018-9-29 00:40:50]
WARN - 列名TASK_COUNT_ 类型INT 参数10 不为空 没有找到对应关系 -[2018-9-29 00:40:50]
WARN - 列名JOB_COUNT_ 类型INT 参数10 不为空 没有找到对应关系 -[2018-9-29 00:40:50]
WARN - 列名TIMER_JOB_COUNT_ 类型INT 参数10 不为空 没有找到对应关系 -[2018-9-29 00:40:50]
WARN - 列名SUSP_JOB_COUNT_ 类型INT 参数10 不为空 没有找到对应关系 -[2018-9-29 00:40:50]
WARN - 列名DEADLETTER_JOB_COUNT_ 类型INT 参数10 不为空 没有找到对应关系 -[2018-9-29 00:40:50]
WARN - 列名VAR_COUNT_ 类型INT 参数10 不为空 没有找到对应关系 -[2018-9-29 00:40:50]
WARN - 列名ID_LINK_COUNT_ 类型INT 参数10 不为空 没有找到对应关系 -[2018-9-29 00:40:50]
INFO - 开始生成表：act_ru_identitylink对应JavaBean -[2018-9-29 00:40:50]
WARN - 列名REV_ 类型INT 参数10 不为空 没有找到对应关系 -[2018-9-29 00:40:50]
INFO - 开始生成表：act_ru_job对应JavaBean -[2018-9-29 00:40:50]
WARN - 列名REV_ 类型INT 参数10 不为空 没有找到对应关系 -[2018-9-29 00:40:50]
WARN - 列名LOCK_EXP_TIME_ 类型TIMESTAMP 参数19 不为空 没有找到对应关系 -[2018-9-29 00:40:50]
WARN - 列名EXCLUSIVE_ 类型TINYINT 参数3 不为空 没有找到对应关系 -[2018-9-29 00:40:50]
WARN - 列名RETRIES_ 类型INT 参数10 不为空 没有找到对应关系 -[2018-9-29 00:40:50]
WARN - 列名DUEDATE_ 类型TIMESTAMP 参数19 不为空 没有找到对应关系 -[2018-9-29 00:40:50]
INFO - 开始生成表：act_ru_suspended_job对应JavaBean -[2018-9-29 00:40:50]
WARN - 列名REV_ 类型INT 参数10 不为空 没有找到对应关系 -[2018-9-29 00:40:50]
WARN - 列名EXCLUSIVE_ 类型TINYINT 参数3 不为空 没有找到对应关系 -[2018-9-29 00:40:50]
WARN - 列名RETRIES_ 类型INT 参数10 不为空 没有找到对应关系 -[2018-9-29 00:40:50]
WARN - 列名DUEDATE_ 类型TIMESTAMP 参数19 不为空 没有找到对应关系 -[2018-9-29 00:40:50]
INFO - 开始生成表：act_ru_task对应JavaBean -[2018-9-29 00:40:50]
WARN - 列名REV_ 类型INT 参数10 不为空 没有找到对应关系 -[2018-9-29 00:40:50]
WARN - 列名PRIORITY_ 类型INT 参数10 不为空 没有找到对应关系 -[2018-9-29 00:40:50]
WARN - 列名CREATE_TIME_ 类型TIMESTAMP 参数19 不为空 没有找到对应关系 -[2018-9-29 00:40:50]
WARN - 列名DUE_DATE_ 类型DATETIME 参数19 不为空 没有找到对应关系 -[2018-9-29 00:40:50]
WARN - 列名SUSPENSION_STATE_ 类型INT 参数10 不为空 没有找到对应关系 -[2018-9-29 00:40:50]
WARN - 列名CLAIM_TIME_ 类型DATETIME 参数19 不为空 没有找到对应关系 -[2018-9-29 00:40:50]
INFO - 开始生成表：act_ru_timer_job对应JavaBean -[2018-9-29 00:40:50]
WARN - 列名REV_ 类型INT 参数10 不为空 没有找到对应关系 -[2018-9-29 00:40:50]
WARN - 列名LOCK_EXP_TIME_ 类型TIMESTAMP 参数19 不为空 没有找到对应关系 -[2018-9-29 00:40:50]
WARN - 列名EXCLUSIVE_ 类型TINYINT 参数3 不为空 没有找到对应关系 -[2018-9-29 00:40:50]
WARN - 列名RETRIES_ 类型INT 参数10 不为空 没有找到对应关系 -[2018-9-29 00:40:50]
WARN - 列名DUEDATE_ 类型TIMESTAMP 参数19 不为空 没有找到对应关系 -[2018-9-29 00:40:50]
INFO - 开始生成表：act_ru_variable对应JavaBean -[2018-9-29 00:40:50]
WARN - 列名REV_ 类型INT 参数10 不为空 没有找到对应关系 -[2018-9-29 00:40:50]
WARN - 列名DOUBLE_ 类型DOUBLE 参数22 不为空 没有找到对应关系 -[2018-9-29 00:40:50]
WARN - 列名LONG_ 类型BIGINT 参数19 不为空 没有找到对应关系 -[2018-9-29 00:40:50]
INFO - 开始生成表：movies对应JavaBean -[2018-9-29 00:40:50]
INFO - 结束生成JavaBean -[2018-9-29 00:40:51]
